2026-01-01 22:19:28 | INFO     | contexgo.infra.logging_utils:setup_logging:12 - ContexGo logging infrastructure initialized
2026-01-01 22:19:28 | INFO     | contexgo.nexus.test_sensor.app:run:17 - UI 启动
2026-01-01 22:19:51 | INFO     | contexgo.nexus.test_sensor.api_client:__init__:47 - GraphQL client 初始化: http_url=%s ws_url=%s
2026-01-01 22:21:04 | INFO     | contexgo.infra.logging_utils:setup_logging:12 - ContexGo logging infrastructure initialized
2026-01-01 22:21:04 | INFO     | contexgo.nexus.test_sensor.app:run:17 - UI 启动
2026-01-01 22:21:08 | INFO     | contexgo.nexus.test_sensor.api_client:__init__:47 - GraphQL client 初始化: http_url=%s ws_url=%s
2026-01-01 22:22:15 | INFO     | contexgo.infra.logging_utils:setup_logging:12 - ContexGo logging infrastructure initialized
2026-01-01 22:22:15 | INFO     | contexgo.nexus.test_sensor.app:run:17 - UI 启动
2026-01-01 22:22:18 | INFO     | contexgo.nexus.test_sensor.api_client:__init__:47 - GraphQL client 初始化: http_url=%s ws_url=%s
2026-01-01 22:25:24 | INFO     | contexgo.infra.logging_utils:setup_logging:12 - ContexGo logging infrastructure initialized
2026-01-01 22:25:24 | INFO     | contexgo.nexus.test_sensor.app:run:17 - UI 启动
2026-01-01 22:25:26 | INFO     | contexgo.nexus.test_sensor.api_client:__init__:47 - GraphQL client 初始化: http_url=%s ws_url=%s
2026-01-01 22:27:41 | INFO     | contexgo.infra.logging_utils:setup_logging:12 - ContexGo logging infrastructure initialized
2026-01-01 22:27:41 | INFO     | contexgo.nexus.test_sensor.app:run:17 - UI 启动
2026-01-01 22:27:43 | INFO     | contexgo.nexus.test_sensor.api_client:__init__:47 - GraphQL client 初始化: http_url=%s ws_url=%s
2026-01-01 22:27:43 | INFO     | contexgo.nexus.test_sensor.page:load_sensors:82 - 加载传感器列表
2026-01-01 22:27:43 | INFO     | contexgo.nexus.test_sensor.page:subscribe_updates:107 - 订阅传感器状态更新
2026-01-01 23:04:00 | INFO     | contexgo.infra.logging_utils:setup_logging:12 - ContexGo logging infrastructure initialized
2026-01-01 23:04:00 | INFO     | contexgo.nexus.test_sensor.app:run:17 - UI 启动
2026-01-01 23:04:03 | INFO     | contexgo.nexus.test_sensor.api_client:__init__:47 - GraphQL client 初始化: http_url=%s ws_url=%s
2026-01-01 23:04:03 | INFO     | contexgo.nexus.test_sensor.page:load_sensors:83 - 加载传感器列表: 请求开始
2026-01-01 23:04:03 | ERROR    | contexgo.nexus.test_sensor.page:load_sensors:117 - 加载传感器列表失败
Traceback (most recent call last):

  File "<frozen runpy>", line 198, in _run_module_as_main
  File "<frozen runpy>", line 88, in _run_code

  File "D:\Projects\ContexGo\contexgo\nexus\test_sensor\__main__.py", line 8, in <module>
    run()
    └ <function run at 0x000002510393D800>

  File "D:\Projects\ContexGo\contexgo\nexus\test_sensor\app.py", line 18, in run
    ft.app(target=main)
    │  │          └ <function main at 0x0000025108832F20>
    │  └ <function app at 0x00000251070DFB00>
    └ <module 'flet' from 'C:\\Users\\77285\\AppData\\Local\\Programs\\Python\\Python312\\Lib\\site-packages\\flet\\__init__.py'>

  File "C:\Users\77285\AppData\Local\Programs\Python\Python312\Lib\site-packages\flet\utils\deprecated.py", line 40, in wrapper
    return func(*args, **kwargs)
           │     │       └ {'target': <function main at 0x0000025108832F20>}
           │     └ ()
           └ <function app at 0x0000025107093060>
  File "C:\Users\77285\AppData\Local\Programs\Python\Python312\Lib\site-packages\flet\app.py", line 43, in app
    return run(*new_args, **kwargs)
           │    │           └ {'target': <function main at 0x0000025108832F20>}
           │    └ [<function main at 0x0000025108832F20>]
           └ <function run at 0x0000025107061300>
  File "C:\Users\77285\AppData\Local\Programs\Python\Python312\Lib\site-packages\flet\app.py", line 96, in run
    return asyncio.run(
           │       └ <function run at 0x0000025105671C60>
           └ <module 'asyncio' from 'C:\\Users\\77285\\AppData\\Local\\Programs\\Python\\Python312\\Lib\\asyncio\\__init__.py'>
  File "C:\Users\77285\AppData\Local\Programs\Python\Python312\Lib\asyncio\runners.py", line 195, in run
    return runner.run(main)
           │      │   └ <coroutine object run_async at 0x00000251087E0D60>
           │      └ <function Runner.run at 0x00000251057098A0>
           └ <asyncio.runners.Runner object at 0x0000025108858EC0>
  File "C:\Users\77285\AppData\Local\Programs\Python\Python312\Lib\asyncio\runners.py", line 118, in run
    return self._loop.run_until_complete(task)
           │    │     │                  └ <Task pending name='Task-1' coro=<run_async() running at C:\Users\77285\AppData\Local\Programs\Python\Python312\Lib\site-pack...
           │    │     └ <function BaseEventLoop.run_until_complete at 0x00000251057034C0>
           │    └ <ProactorEventLoop running=True closed=False debug=False>
           └ <asyncio.runners.Runner object at 0x0000025108858EC0>
  File "C:\Users\77285\AppData\Local\Programs\Python\Python312\Lib\asyncio\base_events.py", line 678, in run_until_complete
    self.run_forever()
    │    └ <function ProactorEventLoop.run_forever at 0x00000251057C7060>
    └ <ProactorEventLoop running=True closed=False debug=False>
  File "C:\Users\77285\AppData\Local\Programs\Python\Python312\Lib\asyncio\windows_events.py", line 322, in run_forever
    super().run_forever()
  File "C:\Users\77285\AppData\Local\Programs\Python\Python312\Lib\asyncio\base_events.py", line 645, in run_forever
    self._run_once()
    │    └ <function BaseEventLoop._run_once at 0x0000025105709260>
    └ <ProactorEventLoop running=True closed=False debug=False>
  File "C:\Users\77285\AppData\Local\Programs\Python\Python312\Lib\asyncio\base_events.py", line 1999, in _run_once
    handle._run()
    │      └ <function Handle._run at 0x000002510564B2E0>
    └ <Handle <_asyncio.TaskStepMethWrapper object at 0x00000251090CF160>()>
  File "C:\Users\77285\AppData\Local\Programs\Python\Python312\Lib\asyncio\events.py", line 88, in _run
    self._context.run(self._callback, *self._args)
    │    │            │    │           │    └ <member '_args' of 'Handle' objects>
    │    │            │    │           └ <Handle <_asyncio.TaskStepMethWrapper object at 0x00000251090CF160>()>
    │    │            │    └ <member '_callback' of 'Handle' objects>
    │    │            └ <Handle <_asyncio.TaskStepMethWrapper object at 0x00000251090CF160>()>
    │    └ <member '_context' of 'Handle' objects>
    └ <Handle <_asyncio.TaskStepMethWrapper object at 0x00000251090CF160>()>

  File "D:\Projects\ContexGo\contexgo\nexus\test_sensor\page.py", line 265, in startup
    await dashboard.load_sensors()
          │         └ <function SensorDashboard.load_sensors at 0x0000025108832A20>
          └ <contexgo.nexus.test_sensor.page.SensorDashboard object at 0x0000025108845FD0>

> File "D:\Projects\ContexGo\contexgo\nexus\test_sensor\page.py", line 97, in load_sensors
    switch = SensorSwitch(model, on_toggle=self._handle_toggle)
             │            │                │    └ <function SensorDashboard._handle_toggle at 0x0000025108832C00>
             │            │                └ <contexgo.nexus.test_sensor.page.SensorDashboard object at 0x0000025108845FD0>
             │            └ SensorViewModel(sensor_id='window_focus', name='WindowFocusSensor', is_on=True)
             └ <class 'contexgo.nexus.test_sensor.sensor_switch.SensorSwitch'>

  File "D:\Projects\ContexGo\contexgo\nexus\test_sensor\sensor_switch.py", line 37, in __init__
    border=ft.border.all(1, ft.colors.OUTLINE_VARIANT),
           │  │      │      └ <module 'flet' from 'C:\\Users\\77285\\AppData\\Local\\Programs\\Python\\Python312\\Lib\\site-packages\\flet\\__init__.py'>
           │  │      └ <function all at 0x0000025106E0AFC0>
           │  └ <module 'flet.controls.border' from 'C:\\Users\\77285\\AppData\\Local\\Programs\\Python\\Python312\\Lib\\site-packages\\flet\...
           └ <module 'flet' from 'C:\\Users\\77285\\AppData\\Local\\Programs\\Python\\Python312\\Lib\\site-packages\\flet\\__init__.py'>

AttributeError: module 'flet' has no attribute 'colors'. Did you mean: 'Colors'?
2026-01-01 23:04:03 | INFO     | contexgo.nexus.test_sensor.page:poll_sensors:150 - 轮询传感器状态: 启动
2026-01-01 23:04:03 | INFO     | contexgo.nexus.test_sensor.page:poll_sensors:153 - 轮询传感器状态: 请求开始
2026-01-01 23:04:03 | INFO     | contexgo.nexus.test_sensor.page:subscribe_updates:122 - 订阅传感器状态更新: 启动
2026-01-01 23:04:03 | ERROR    | contexgo.nexus.test_sensor.page:poll_sensors:172 - 轮询失败
Traceback (most recent call last):

  File "<frozen runpy>", line 198, in _run_module_as_main
  File "<frozen runpy>", line 88, in _run_code

  File "D:\Projects\ContexGo\contexgo\nexus\test_sensor\__main__.py", line 8, in <module>
    run()
    └ <function run at 0x000002510393D800>

  File "D:\Projects\ContexGo\contexgo\nexus\test_sensor\app.py", line 18, in run
    ft.app(target=main)
    │  │          └ <function main at 0x0000025108832F20>
    │  └ <function app at 0x00000251070DFB00>
    └ <module 'flet' from 'C:\\Users\\77285\\AppData\\Local\\Programs\\Python\\Python312\\Lib\\site-packages\\flet\\__init__.py'>

  File "C:\Users\77285\AppData\Local\Programs\Python\Python312\Lib\site-packages\flet\utils\deprecated.py", line 40, in wrapper
    return func(*args, **kwargs)
           │     │       └ {'target': <function main at 0x0000025108832F20>}
           │     └ ()
           └ <function app at 0x0000025107093060>
  File "C:\Users\77285\AppData\Local\Programs\Python\Python312\Lib\site-packages\flet\app.py", line 43, in app
    return run(*new_args, **kwargs)
           │    │           └ {'target': <function main at 0x0000025108832F20>}
           │    └ [<function main at 0x0000025108832F20>]
           └ <function run at 0x0000025107061300>
  File "C:\Users\77285\AppData\Local\Programs\Python\Python312\Lib\site-packages\flet\app.py", line 96, in run
    return asyncio.run(
           │       └ <function run at 0x0000025105671C60>
           └ <module 'asyncio' from 'C:\\Users\\77285\\AppData\\Local\\Programs\\Python\\Python312\\Lib\\asyncio\\__init__.py'>
  File "C:\Users\77285\AppData\Local\Programs\Python\Python312\Lib\asyncio\runners.py", line 195, in run
    return runner.run(main)
           │      │   └ <coroutine object run_async at 0x00000251087E0D60>
           │      └ <function Runner.run at 0x00000251057098A0>
           └ <asyncio.runners.Runner object at 0x0000025108858EC0>
  File "C:\Users\77285\AppData\Local\Programs\Python\Python312\Lib\asyncio\runners.py", line 118, in run
    return self._loop.run_until_complete(task)
           │    │     │                  └ <Task pending name='Task-1' coro=<run_async() running at C:\Users\77285\AppData\Local\Programs\Python\Python312\Lib\site-pack...
           │    │     └ <function BaseEventLoop.run_until_complete at 0x00000251057034C0>
           │    └ <ProactorEventLoop running=True closed=False debug=False>
           └ <asyncio.runners.Runner object at 0x0000025108858EC0>
  File "C:\Users\77285\AppData\Local\Programs\Python\Python312\Lib\asyncio\base_events.py", line 678, in run_until_complete
    self.run_forever()
    │    └ <function ProactorEventLoop.run_forever at 0x00000251057C7060>
    └ <ProactorEventLoop running=True closed=False debug=False>
  File "C:\Users\77285\AppData\Local\Programs\Python\Python312\Lib\asyncio\windows_events.py", line 322, in run_forever
    super().run_forever()
  File "C:\Users\77285\AppData\Local\Programs\Python\Python312\Lib\asyncio\base_events.py", line 645, in run_forever
    self._run_once()
    │    └ <function BaseEventLoop._run_once at 0x0000025105709260>
    └ <ProactorEventLoop running=True closed=False debug=False>
  File "C:\Users\77285\AppData\Local\Programs\Python\Python312\Lib\asyncio\base_events.py", line 1999, in _run_once
    handle._run()
    │      └ <function Handle._run at 0x000002510564B2E0>
    └ <Handle <_asyncio.TaskStepMethWrapper object at 0x00000251091D4040>()>
  File "C:\Users\77285\AppData\Local\Programs\Python\Python312\Lib\asyncio\events.py", line 88, in _run
    self._context.run(self._callback, *self._args)
    │    │            │    │           │    └ <member '_args' of 'Handle' objects>
    │    │            │    │           └ <Handle <_asyncio.TaskStepMethWrapper object at 0x00000251091D4040>()>
    │    │            │    └ <member '_callback' of 'Handle' objects>
    │    │            └ <Handle <_asyncio.TaskStepMethWrapper object at 0x00000251091D4040>()>
    │    └ <member '_context' of 'Handle' objects>
    └ <Handle <_asyncio.TaskStepMethWrapper object at 0x00000251091D4040>()>

> File "D:\Projects\ContexGo\contexgo\nexus\test_sensor\page.py", line 157, in poll_sensors
    self._sync_sensors(sensors)
    │    │             └ [{'id': 'window_focus', 'name': 'WindowFocusSensor', 'isOn': True}]
    │    └ <function SensorDashboard._sync_sensors at 0x0000025108832D40>
    └ <contexgo.nexus.test_sensor.page.SensorDashboard object at 0x0000025108845FD0>

  File "D:\Projects\ContexGo\contexgo\nexus\test_sensor\page.py", line 221, in _sync_sensors
    switch = SensorSwitch(model, on_toggle=self._handle_toggle)
             │            │                │    └ <function SensorDashboard._handle_toggle at 0x0000025108832C00>
             │            │                └ <contexgo.nexus.test_sensor.page.SensorDashboard object at 0x0000025108845FD0>
             │            └ SensorViewModel(sensor_id='window_focus', name='WindowFocusSensor', is_on=True)
             └ <class 'contexgo.nexus.test_sensor.sensor_switch.SensorSwitch'>

  File "D:\Projects\ContexGo\contexgo\nexus\test_sensor\sensor_switch.py", line 37, in __init__
    border=ft.border.all(1, ft.colors.OUTLINE_VARIANT),
           │  │      │      └ <module 'flet' from 'C:\\Users\\77285\\AppData\\Local\\Programs\\Python\\Python312\\Lib\\site-packages\\flet\\__init__.py'>
           │  │      └ <function all at 0x0000025106E0AFC0>
           │  └ <module 'flet.controls.border' from 'C:\\Users\\77285\\AppData\\Local\\Programs\\Python\\Python312\\Lib\\site-packages\\flet\...
           └ <module 'flet' from 'C:\\Users\\77285\\AppData\\Local\\Programs\\Python\\Python312\\Lib\\site-packages\\flet\\__init__.py'>

AttributeError: module 'flet' has no attribute 'colors'. Did you mean: 'Colors'?
2026-01-01 23:04:04 | INFO     | contexgo.nexus.test_sensor.page:poll_sensors:153 - 轮询传感器状态: 请求开始
2026-01-01 23:04:04 | ERROR    | contexgo.nexus.test_sensor.page:poll_sensors:172 - 轮询失败
Traceback (most recent call last):

  File "<frozen runpy>", line 198, in _run_module_as_main
  File "<frozen runpy>", line 88, in _run_code

  File "D:\Projects\ContexGo\contexgo\nexus\test_sensor\__main__.py", line 8, in <module>
    run()
    └ <function run at 0x000002510393D800>

  File "D:\Projects\ContexGo\contexgo\nexus\test_sensor\app.py", line 18, in run
    ft.app(target=main)
    │  │          └ <function main at 0x0000025108832F20>
    │  └ <function app at 0x00000251070DFB00>
    └ <module 'flet' from 'C:\\Users\\77285\\AppData\\Local\\Programs\\Python\\Python312\\Lib\\site-packages\\flet\\__init__.py'>

  File "C:\Users\77285\AppData\Local\Programs\Python\Python312\Lib\site-packages\flet\utils\deprecated.py", line 40, in wrapper
    return func(*args, **kwargs)
           │     │       └ {'target': <function main at 0x0000025108832F20>}
           │     └ ()
           └ <function app at 0x0000025107093060>
  File "C:\Users\77285\AppData\Local\Programs\Python\Python312\Lib\site-packages\flet\app.py", line 43, in app
    return run(*new_args, **kwargs)
           │    │           └ {'target': <function main at 0x0000025108832F20>}
           │    └ [<function main at 0x0000025108832F20>]
           └ <function run at 0x0000025107061300>
  File "C:\Users\77285\AppData\Local\Programs\Python\Python312\Lib\site-packages\flet\app.py", line 96, in run
    return asyncio.run(
           │       └ <function run at 0x0000025105671C60>
           └ <module 'asyncio' from 'C:\\Users\\77285\\AppData\\Local\\Programs\\Python\\Python312\\Lib\\asyncio\\__init__.py'>
  File "C:\Users\77285\AppData\Local\Programs\Python\Python312\Lib\asyncio\runners.py", line 195, in run
    return runner.run(main)
           │      │   └ <coroutine object run_async at 0x00000251087E0D60>
           │      └ <function Runner.run at 0x00000251057098A0>
           └ <asyncio.runners.Runner object at 0x0000025108858EC0>
  File "C:\Users\77285\AppData\Local\Programs\Python\Python312\Lib\asyncio\runners.py", line 118, in run
    return self._loop.run_until_complete(task)
           │    │     │                  └ <Task pending name='Task-1' coro=<run_async() running at C:\Users\77285\AppData\Local\Programs\Python\Python312\Lib\site-pack...
           │    │     └ <function BaseEventLoop.run_until_complete at 0x00000251057034C0>
           │    └ <ProactorEventLoop running=True closed=False debug=False>
           └ <asyncio.runners.Runner object at 0x0000025108858EC0>
  File "C:\Users\77285\AppData\Local\Programs\Python\Python312\Lib\asyncio\base_events.py", line 678, in run_until_complete
    self.run_forever()
    │    └ <function ProactorEventLoop.run_forever at 0x00000251057C7060>
    └ <ProactorEventLoop running=True closed=False debug=False>
  File "C:\Users\77285\AppData\Local\Programs\Python\Python312\Lib\asyncio\windows_events.py", line 322, in run_forever
    super().run_forever()
  File "C:\Users\77285\AppData\Local\Programs\Python\Python312\Lib\asyncio\base_events.py", line 645, in run_forever
    self._run_once()
    │    └ <function BaseEventLoop._run_once at 0x0000025105709260>
    └ <ProactorEventLoop running=True closed=False debug=False>
  File "C:\Users\77285\AppData\Local\Programs\Python\Python312\Lib\asyncio\base_events.py", line 1999, in _run_once
    handle._run()
    │      └ <function Handle._run at 0x000002510564B2E0>
    └ <Handle <_asyncio.TaskStepMethWrapper object at 0x00000251091D4280>()>
  File "C:\Users\77285\AppData\Local\Programs\Python\Python312\Lib\asyncio\events.py", line 88, in _run
    self._context.run(self._callback, *self._args)
    │    │            │    │           │    └ <member '_args' of 'Handle' objects>
    │    │            │    │           └ <Handle <_asyncio.TaskStepMethWrapper object at 0x00000251091D4280>()>
    │    │            │    └ <member '_callback' of 'Handle' objects>
    │    │            └ <Handle <_asyncio.TaskStepMethWrapper object at 0x00000251091D4280>()>
    │    └ <member '_context' of 'Handle' objects>
    └ <Handle <_asyncio.TaskStepMethWrapper object at 0x00000251091D4280>()>

> File "D:\Projects\ContexGo\contexgo\nexus\test_sensor\page.py", line 157, in poll_sensors
    self._sync_sensors(sensors)
    │    │             └ [{'id': 'window_focus', 'name': 'WindowFocusSensor', 'isOn': True}]
    │    └ <function SensorDashboard._sync_sensors at 0x0000025108832D40>
    └ <contexgo.nexus.test_sensor.page.SensorDashboard object at 0x0000025108845FD0>

  File "D:\Projects\ContexGo\contexgo\nexus\test_sensor\page.py", line 221, in _sync_sensors
    switch = SensorSwitch(model, on_toggle=self._handle_toggle)
             │            │                │    └ <function SensorDashboard._handle_toggle at 0x0000025108832C00>
             │            │                └ <contexgo.nexus.test_sensor.page.SensorDashboard object at 0x0000025108845FD0>
             │            └ SensorViewModel(sensor_id='window_focus', name='WindowFocusSensor', is_on=True)
             └ <class 'contexgo.nexus.test_sensor.sensor_switch.SensorSwitch'>

  File "D:\Projects\ContexGo\contexgo\nexus\test_sensor\sensor_switch.py", line 37, in __init__
    border=ft.border.all(1, ft.colors.OUTLINE_VARIANT),
           │  │      │      └ <module 'flet' from 'C:\\Users\\77285\\AppData\\Local\\Programs\\Python\\Python312\\Lib\\site-packages\\flet\\__init__.py'>
           │  │      └ <function all at 0x0000025106E0AFC0>
           │  └ <module 'flet.controls.border' from 'C:\\Users\\77285\\AppData\\Local\\Programs\\Python\\Python312\\Lib\\site-packages\\flet\...
           └ <module 'flet' from 'C:\\Users\\77285\\AppData\\Local\\Programs\\Python\\Python312\\Lib\\site-packages\\flet\\__init__.py'>

AttributeError: module 'flet' has no attribute 'colors'. Did you mean: 'Colors'?
2026-01-01 23:04:05 | INFO     | contexgo.nexus.test_sensor.page:poll_sensors:153 - 轮询传感器状态: 请求开始
2026-01-01 23:04:05 | ERROR    | contexgo.nexus.test_sensor.page:poll_sensors:172 - 轮询失败
Traceback (most recent call last):

  File "<frozen runpy>", line 198, in _run_module_as_main
  File "<frozen runpy>", line 88, in _run_code

  File "D:\Projects\ContexGo\contexgo\nexus\test_sensor\__main__.py", line 8, in <module>
    run()
    └ <function run at 0x000002510393D800>

  File "D:\Projects\ContexGo\contexgo\nexus\test_sensor\app.py", line 18, in run
    ft.app(target=main)
    │  │          └ <function main at 0x0000025108832F20>
    │  └ <function app at 0x00000251070DFB00>
    └ <module 'flet' from 'C:\\Users\\77285\\AppData\\Local\\Programs\\Python\\Python312\\Lib\\site-packages\\flet\\__init__.py'>

  File "C:\Users\77285\AppData\Local\Programs\Python\Python312\Lib\site-packages\flet\utils\deprecated.py", line 40, in wrapper
    return func(*args, **kwargs)
           │     │       └ {'target': <function main at 0x0000025108832F20>}
           │     └ ()
           └ <function app at 0x0000025107093060>
  File "C:\Users\77285\AppData\Local\Programs\Python\Python312\Lib\site-packages\flet\app.py", line 43, in app
    return run(*new_args, **kwargs)
           │    │           └ {'target': <function main at 0x0000025108832F20>}
           │    └ [<function main at 0x0000025108832F20>]
           └ <function run at 0x0000025107061300>
  File "C:\Users\77285\AppData\Local\Programs\Python\Python312\Lib\site-packages\flet\app.py", line 96, in run
    return asyncio.run(
           │       └ <function run at 0x0000025105671C60>
           └ <module 'asyncio' from 'C:\\Users\\77285\\AppData\\Local\\Programs\\Python\\Python312\\Lib\\asyncio\\__init__.py'>
  File "C:\Users\77285\AppData\Local\Programs\Python\Python312\Lib\asyncio\runners.py", line 195, in run
    return runner.run(main)
           │      │   └ <coroutine object run_async at 0x00000251087E0D60>
           │      └ <function Runner.run at 0x00000251057098A0>
           └ <asyncio.runners.Runner object at 0x0000025108858EC0>
  File "C:\Users\77285\AppData\Local\Programs\Python\Python312\Lib\asyncio\runners.py", line 118, in run
    return self._loop.run_until_complete(task)
           │    │     │                  └ <Task pending name='Task-1' coro=<run_async() running at C:\Users\77285\AppData\Local\Programs\Python\Python312\Lib\site-pack...
           │    │     └ <function BaseEventLoop.run_until_complete at 0x00000251057034C0>
           │    └ <ProactorEventLoop running=True closed=False debug=False>
           └ <asyncio.runners.Runner object at 0x0000025108858EC0>
  File "C:\Users\77285\AppData\Local\Programs\Python\Python312\Lib\asyncio\base_events.py", line 678, in run_until_complete
    self.run_forever()
    │    └ <function ProactorEventLoop.run_forever at 0x00000251057C7060>
    └ <ProactorEventLoop running=True closed=False debug=False>
  File "C:\Users\77285\AppData\Local\Programs\Python\Python312\Lib\asyncio\windows_events.py", line 322, in run_forever
    super().run_forever()
  File "C:\Users\77285\AppData\Local\Programs\Python\Python312\Lib\asyncio\base_events.py", line 645, in run_forever
    self._run_once()
    │    └ <function BaseEventLoop._run_once at 0x0000025105709260>
    └ <ProactorEventLoop running=True closed=False debug=False>
  File "C:\Users\77285\AppData\Local\Programs\Python\Python312\Lib\asyncio\base_events.py", line 1999, in _run_once
    handle._run()
    │      └ <function Handle._run at 0x000002510564B2E0>
    └ <Handle <_asyncio.TaskStepMethWrapper object at 0x00000251091D64A0>()>
  File "C:\Users\77285\AppData\Local\Programs\Python\Python312\Lib\asyncio\events.py", line 88, in _run
    self._context.run(self._callback, *self._args)
    │    │            │    │           │    └ <member '_args' of 'Handle' objects>
    │    │            │    │           └ <Handle <_asyncio.TaskStepMethWrapper object at 0x00000251091D64A0>()>
    │    │            │    └ <member '_callback' of 'Handle' objects>
    │    │            └ <Handle <_asyncio.TaskStepMethWrapper object at 0x00000251091D64A0>()>
    │    └ <member '_context' of 'Handle' objects>
    └ <Handle <_asyncio.TaskStepMethWrapper object at 0x00000251091D64A0>()>

> File "D:\Projects\ContexGo\contexgo\nexus\test_sensor\page.py", line 157, in poll_sensors
    self._sync_sensors(sensors)
    │    │             └ [{'id': 'window_focus', 'name': 'WindowFocusSensor', 'isOn': True}]
    │    └ <function SensorDashboard._sync_sensors at 0x0000025108832D40>
    └ <contexgo.nexus.test_sensor.page.SensorDashboard object at 0x0000025108845FD0>

  File "D:\Projects\ContexGo\contexgo\nexus\test_sensor\page.py", line 221, in _sync_sensors
    switch = SensorSwitch(model, on_toggle=self._handle_toggle)
             │            │                │    └ <function SensorDashboard._handle_toggle at 0x0000025108832C00>
             │            │                └ <contexgo.nexus.test_sensor.page.SensorDashboard object at 0x0000025108845FD0>
             │            └ SensorViewModel(sensor_id='window_focus', name='WindowFocusSensor', is_on=True)
             └ <class 'contexgo.nexus.test_sensor.sensor_switch.SensorSwitch'>

  File "D:\Projects\ContexGo\contexgo\nexus\test_sensor\sensor_switch.py", line 37, in __init__
    border=ft.border.all(1, ft.colors.OUTLINE_VARIANT),
           │  │      │      └ <module 'flet' from 'C:\\Users\\77285\\AppData\\Local\\Programs\\Python\\Python312\\Lib\\site-packages\\flet\\__init__.py'>
           │  │      └ <function all at 0x0000025106E0AFC0>
           │  └ <module 'flet.controls.border' from 'C:\\Users\\77285\\AppData\\Local\\Programs\\Python\\Python312\\Lib\\site-packages\\flet\...
           └ <module 'flet' from 'C:\\Users\\77285\\AppData\\Local\\Programs\\Python\\Python312\\Lib\\site-packages\\flet\\__init__.py'>

AttributeError: module 'flet' has no attribute 'colors'. Did you mean: 'Colors'?
2026-01-01 23:04:06 | INFO     | contexgo.nexus.test_sensor.page:poll_sensors:153 - 轮询传感器状态: 请求开始
2026-01-01 23:04:06 | ERROR    | contexgo.nexus.test_sensor.page:poll_sensors:172 - 轮询失败
Traceback (most recent call last):

  File "<frozen runpy>", line 198, in _run_module_as_main
  File "<frozen runpy>", line 88, in _run_code

  File "D:\Projects\ContexGo\contexgo\nexus\test_sensor\__main__.py", line 8, in <module>
    run()
    └ <function run at 0x000002510393D800>

  File "D:\Projects\ContexGo\contexgo\nexus\test_sensor\app.py", line 18, in run
    ft.app(target=main)
    │  │          └ <function main at 0x0000025108832F20>
    │  └ <function app at 0x00000251070DFB00>
    └ <module 'flet' from 'C:\\Users\\77285\\AppData\\Local\\Programs\\Python\\Python312\\Lib\\site-packages\\flet\\__init__.py'>

  File "C:\Users\77285\AppData\Local\Programs\Python\Python312\Lib\site-packages\flet\utils\deprecated.py", line 40, in wrapper
    return func(*args, **kwargs)
           │     │       └ {'target': <function main at 0x0000025108832F20>}
           │     └ ()
           └ <function app at 0x0000025107093060>
  File "C:\Users\77285\AppData\Local\Programs\Python\Python312\Lib\site-packages\flet\app.py", line 43, in app
    return run(*new_args, **kwargs)
           │    │           └ {'target': <function main at 0x0000025108832F20>}
           │    └ [<function main at 0x0000025108832F20>]
           └ <function run at 0x0000025107061300>
  File "C:\Users\77285\AppData\Local\Programs\Python\Python312\Lib\site-packages\flet\app.py", line 96, in run
    return asyncio.run(
           │       └ <function run at 0x0000025105671C60>
           └ <module 'asyncio' from 'C:\\Users\\77285\\AppData\\Local\\Programs\\Python\\Python312\\Lib\\asyncio\\__init__.py'>
  File "C:\Users\77285\AppData\Local\Programs\Python\Python312\Lib\asyncio\runners.py", line 195, in run
    return runner.run(main)
           │      │   └ <coroutine object run_async at 0x00000251087E0D60>
           │      └ <function Runner.run at 0x00000251057098A0>
           └ <asyncio.runners.Runner object at 0x0000025108858EC0>
  File "C:\Users\77285\AppData\Local\Programs\Python\Python312\Lib\asyncio\runners.py", line 118, in run
    return self._loop.run_until_complete(task)
           │    │     │                  └ <Task pending name='Task-1' coro=<run_async() running at C:\Users\77285\AppData\Local\Programs\Python\Python312\Lib\site-pack...
           │    │     └ <function BaseEventLoop.run_until_complete at 0x00000251057034C0>
           │    └ <ProactorEventLoop running=True closed=False debug=False>
           └ <asyncio.runners.Runner object at 0x0000025108858EC0>
  File "C:\Users\77285\AppData\Local\Programs\Python\Python312\Lib\asyncio\base_events.py", line 678, in run_until_complete
    self.run_forever()
    │    └ <function ProactorEventLoop.run_forever at 0x00000251057C7060>
    └ <ProactorEventLoop running=True closed=False debug=False>
  File "C:\Users\77285\AppData\Local\Programs\Python\Python312\Lib\asyncio\windows_events.py", line 322, in run_forever
    super().run_forever()
  File "C:\Users\77285\AppData\Local\Programs\Python\Python312\Lib\asyncio\base_events.py", line 645, in run_forever
    self._run_once()
    │    └ <function BaseEventLoop._run_once at 0x0000025105709260>
    └ <ProactorEventLoop running=True closed=False debug=False>
  File "C:\Users\77285\AppData\Local\Programs\Python\Python312\Lib\asyncio\base_events.py", line 1999, in _run_once
    handle._run()
    │      └ <function Handle._run at 0x000002510564B2E0>
    └ <Handle <_asyncio.TaskStepMethWrapper object at 0x00000251091D71F0>()>
  File "C:\Users\77285\AppData\Local\Programs\Python\Python312\Lib\asyncio\events.py", line 88, in _run
    self._context.run(self._callback, *self._args)
    │    │            │    │           │    └ <member '_args' of 'Handle' objects>
    │    │            │    │           └ <Handle <_asyncio.TaskStepMethWrapper object at 0x00000251091D71F0>()>
    │    │            │    └ <member '_callback' of 'Handle' objects>
    │    │            └ <Handle <_asyncio.TaskStepMethWrapper object at 0x00000251091D71F0>()>
    │    └ <member '_context' of 'Handle' objects>
    └ <Handle <_asyncio.TaskStepMethWrapper object at 0x00000251091D71F0>()>

> File "D:\Projects\ContexGo\contexgo\nexus\test_sensor\page.py", line 157, in poll_sensors
    self._sync_sensors(sensors)
    │    │             └ [{'id': 'window_focus', 'name': 'WindowFocusSensor', 'isOn': True}]
    │    └ <function SensorDashboard._sync_sensors at 0x0000025108832D40>
    └ <contexgo.nexus.test_sensor.page.SensorDashboard object at 0x0000025108845FD0>

  File "D:\Projects\ContexGo\contexgo\nexus\test_sensor\page.py", line 221, in _sync_sensors
    switch = SensorSwitch(model, on_toggle=self._handle_toggle)
             │            │                │    └ <function SensorDashboard._handle_toggle at 0x0000025108832C00>
             │            │                └ <contexgo.nexus.test_sensor.page.SensorDashboard object at 0x0000025108845FD0>
             │            └ SensorViewModel(sensor_id='window_focus', name='WindowFocusSensor', is_on=True)
             └ <class 'contexgo.nexus.test_sensor.sensor_switch.SensorSwitch'>

  File "D:\Projects\ContexGo\contexgo\nexus\test_sensor\sensor_switch.py", line 37, in __init__
    border=ft.border.all(1, ft.colors.OUTLINE_VARIANT),
           │  │      │      └ <module 'flet' from 'C:\\Users\\77285\\AppData\\Local\\Programs\\Python\\Python312\\Lib\\site-packages\\flet\\__init__.py'>
           │  │      └ <function all at 0x0000025106E0AFC0>
           │  └ <module 'flet.controls.border' from 'C:\\Users\\77285\\AppData\\Local\\Programs\\Python\\Python312\\Lib\\site-packages\\flet\...
           └ <module 'flet' from 'C:\\Users\\77285\\AppData\\Local\\Programs\\Python\\Python312\\Lib\\site-packages\\flet\\__init__.py'>

AttributeError: module 'flet' has no attribute 'colors'. Did you mean: 'Colors'?
2026-01-01 23:04:07 | INFO     | contexgo.nexus.test_sensor.page:poll_sensors:153 - 轮询传感器状态: 请求开始
2026-01-01 23:04:07 | ERROR    | contexgo.nexus.test_sensor.page:poll_sensors:172 - 轮询失败
Traceback (most recent call last):

  File "<frozen runpy>", line 198, in _run_module_as_main
  File "<frozen runpy>", line 88, in _run_code

  File "D:\Projects\ContexGo\contexgo\nexus\test_sensor\__main__.py", line 8, in <module>
    run()
    └ <function run at 0x000002510393D800>

  File "D:\Projects\ContexGo\contexgo\nexus\test_sensor\app.py", line 18, in run
    ft.app(target=main)
    │  │          └ <function main at 0x0000025108832F20>
    │  └ <function app at 0x00000251070DFB00>
    └ <module 'flet' from 'C:\\Users\\77285\\AppData\\Local\\Programs\\Python\\Python312\\Lib\\site-packages\\flet\\__init__.py'>

  File "C:\Users\77285\AppData\Local\Programs\Python\Python312\Lib\site-packages\flet\utils\deprecated.py", line 40, in wrapper
    return func(*args, **kwargs)
           │     │       └ {'target': <function main at 0x0000025108832F20>}
           │     └ ()
           └ <function app at 0x0000025107093060>
  File "C:\Users\77285\AppData\Local\Programs\Python\Python312\Lib\site-packages\flet\app.py", line 43, in app
    return run(*new_args, **kwargs)
           │    │           └ {'target': <function main at 0x0000025108832F20>}
           │    └ [<function main at 0x0000025108832F20>]
           └ <function run at 0x0000025107061300>
  File "C:\Users\77285\AppData\Local\Programs\Python\Python312\Lib\site-packages\flet\app.py", line 96, in run
    return asyncio.run(
           │       └ <function run at 0x0000025105671C60>
           └ <module 'asyncio' from 'C:\\Users\\77285\\AppData\\Local\\Programs\\Python\\Python312\\Lib\\asyncio\\__init__.py'>
  File "C:\Users\77285\AppData\Local\Programs\Python\Python312\Lib\asyncio\runners.py", line 195, in run
    return runner.run(main)
           │      │   └ <coroutine object run_async at 0x00000251087E0D60>
           │      └ <function Runner.run at 0x00000251057098A0>
           └ <asyncio.runners.Runner object at 0x0000025108858EC0>
  File "C:\Users\77285\AppData\Local\Programs\Python\Python312\Lib\asyncio\runners.py", line 118, in run
    return self._loop.run_until_complete(task)
           │    │     │                  └ <Task pending name='Task-1' coro=<run_async() running at C:\Users\77285\AppData\Local\Programs\Python\Python312\Lib\site-pack...
           │    │     └ <function BaseEventLoop.run_until_complete at 0x00000251057034C0>
           │    └ <ProactorEventLoop running=True closed=False debug=False>
           └ <asyncio.runners.Runner object at 0x0000025108858EC0>
  File "C:\Users\77285\AppData\Local\Programs\Python\Python312\Lib\asyncio\base_events.py", line 678, in run_until_complete
    self.run_forever()
    │    └ <function ProactorEventLoop.run_forever at 0x00000251057C7060>
    └ <ProactorEventLoop running=True closed=False debug=False>
  File "C:\Users\77285\AppData\Local\Programs\Python\Python312\Lib\asyncio\windows_events.py", line 322, in run_forever
    super().run_forever()
  File "C:\Users\77285\AppData\Local\Programs\Python\Python312\Lib\asyncio\base_events.py", line 645, in run_forever
    self._run_once()
    │    └ <function BaseEventLoop._run_once at 0x0000025105709260>
    └ <ProactorEventLoop running=True closed=False debug=False>
  File "C:\Users\77285\AppData\Local\Programs\Python\Python312\Lib\asyncio\base_events.py", line 1999, in _run_once
    handle._run()
    │      └ <function Handle._run at 0x000002510564B2E0>
    └ <Handle <_asyncio.TaskStepMethWrapper object at 0x00000251091A3C10>()>
  File "C:\Users\77285\AppData\Local\Programs\Python\Python312\Lib\asyncio\events.py", line 88, in _run
    self._context.run(self._callback, *self._args)
    │    │            │    │           │    └ <member '_args' of 'Handle' objects>
    │    │            │    │           └ <Handle <_asyncio.TaskStepMethWrapper object at 0x00000251091A3C10>()>
    │    │            │    └ <member '_callback' of 'Handle' objects>
    │    │            └ <Handle <_asyncio.TaskStepMethWrapper object at 0x00000251091A3C10>()>
    │    └ <member '_context' of 'Handle' objects>
    └ <Handle <_asyncio.TaskStepMethWrapper object at 0x00000251091A3C10>()>

> File "D:\Projects\ContexGo\contexgo\nexus\test_sensor\page.py", line 157, in poll_sensors
    self._sync_sensors(sensors)
    │    │             └ [{'id': 'window_focus', 'name': 'WindowFocusSensor', 'isOn': True}]
    │    └ <function SensorDashboard._sync_sensors at 0x0000025108832D40>
    └ <contexgo.nexus.test_sensor.page.SensorDashboard object at 0x0000025108845FD0>

  File "D:\Projects\ContexGo\contexgo\nexus\test_sensor\page.py", line 221, in _sync_sensors
    switch = SensorSwitch(model, on_toggle=self._handle_toggle)
             │            │                │    └ <function SensorDashboard._handle_toggle at 0x0000025108832C00>
             │            │                └ <contexgo.nexus.test_sensor.page.SensorDashboard object at 0x0000025108845FD0>
             │            └ SensorViewModel(sensor_id='window_focus', name='WindowFocusSensor', is_on=True)
             └ <class 'contexgo.nexus.test_sensor.sensor_switch.SensorSwitch'>

  File "D:\Projects\ContexGo\contexgo\nexus\test_sensor\sensor_switch.py", line 37, in __init__
    border=ft.border.all(1, ft.colors.OUTLINE_VARIANT),
           │  │      │      └ <module 'flet' from 'C:\\Users\\77285\\AppData\\Local\\Programs\\Python\\Python312\\Lib\\site-packages\\flet\\__init__.py'>
           │  │      └ <function all at 0x0000025106E0AFC0>
           │  └ <module 'flet.controls.border' from 'C:\\Users\\77285\\AppData\\Local\\Programs\\Python\\Python312\\Lib\\site-packages\\flet\...
           └ <module 'flet' from 'C:\\Users\\77285\\AppData\\Local\\Programs\\Python\\Python312\\Lib\\site-packages\\flet\\__init__.py'>

AttributeError: module 'flet' has no attribute 'colors'. Did you mean: 'Colors'?
2026-01-01 23:04:08 | INFO     | contexgo.nexus.test_sensor.page:poll_sensors:153 - 轮询传感器状态: 请求开始
2026-01-01 23:04:08 | ERROR    | contexgo.nexus.test_sensor.page:poll_sensors:172 - 轮询失败
Traceback (most recent call last):

  File "<frozen runpy>", line 198, in _run_module_as_main
  File "<frozen runpy>", line 88, in _run_code

  File "D:\Projects\ContexGo\contexgo\nexus\test_sensor\__main__.py", line 8, in <module>
    run()
    └ <function run at 0x000002510393D800>

  File "D:\Projects\ContexGo\contexgo\nexus\test_sensor\app.py", line 18, in run
    ft.app(target=main)
    │  │          └ <function main at 0x0000025108832F20>
    │  └ <function app at 0x00000251070DFB00>
    └ <module 'flet' from 'C:\\Users\\77285\\AppData\\Local\\Programs\\Python\\Python312\\Lib\\site-packages\\flet\\__init__.py'>

  File "C:\Users\77285\AppData\Local\Programs\Python\Python312\Lib\site-packages\flet\utils\deprecated.py", line 40, in wrapper
    return func(*args, **kwargs)
           │     │       └ {'target': <function main at 0x0000025108832F20>}
           │     └ ()
           └ <function app at 0x0000025107093060>
  File "C:\Users\77285\AppData\Local\Programs\Python\Python312\Lib\site-packages\flet\app.py", line 43, in app
    return run(*new_args, **kwargs)
           │    │           └ {'target': <function main at 0x0000025108832F20>}
           │    └ [<function main at 0x0000025108832F20>]
           └ <function run at 0x0000025107061300>
  File "C:\Users\77285\AppData\Local\Programs\Python\Python312\Lib\site-packages\flet\app.py", line 96, in run
    return asyncio.run(
           │       └ <function run at 0x0000025105671C60>
           └ <module 'asyncio' from 'C:\\Users\\77285\\AppData\\Local\\Programs\\Python\\Python312\\Lib\\asyncio\\__init__.py'>
  File "C:\Users\77285\AppData\Local\Programs\Python\Python312\Lib\asyncio\runners.py", line 195, in run
    return runner.run(main)
           │      │   └ <coroutine object run_async at 0x00000251087E0D60>
           │      └ <function Runner.run at 0x00000251057098A0>
           └ <asyncio.runners.Runner object at 0x0000025108858EC0>
  File "C:\Users\77285\AppData\Local\Programs\Python\Python312\Lib\asyncio\runners.py", line 118, in run
    return self._loop.run_until_complete(task)
           │    │     │                  └ <Task pending name='Task-1' coro=<run_async() running at C:\Users\77285\AppData\Local\Programs\Python\Python312\Lib\site-pack...
           │    │     └ <function BaseEventLoop.run_until_complete at 0x00000251057034C0>
           │    └ <ProactorEventLoop running=True closed=False debug=False>
           └ <asyncio.runners.Runner object at 0x0000025108858EC0>
  File "C:\Users\77285\AppData\Local\Programs\Python\Python312\Lib\asyncio\base_events.py", line 678, in run_until_complete
    self.run_forever()
    │    └ <function ProactorEventLoop.run_forever at 0x00000251057C7060>
    └ <ProactorEventLoop running=True closed=False debug=False>
  File "C:\Users\77285\AppData\Local\Programs\Python\Python312\Lib\asyncio\windows_events.py", line 322, in run_forever
    super().run_forever()
  File "C:\Users\77285\AppData\Local\Programs\Python\Python312\Lib\asyncio\base_events.py", line 645, in run_forever
    self._run_once()
    │    └ <function BaseEventLoop._run_once at 0x0000025105709260>
    └ <ProactorEventLoop running=True closed=False debug=False>
  File "C:\Users\77285\AppData\Local\Programs\Python\Python312\Lib\asyncio\base_events.py", line 1999, in _run_once
    handle._run()
    │      └ <function Handle._run at 0x000002510564B2E0>
    └ <Handle <_asyncio.TaskStepMethWrapper object at 0x00000251091D6410>()>
  File "C:\Users\77285\AppData\Local\Programs\Python\Python312\Lib\asyncio\events.py", line 88, in _run
    self._context.run(self._callback, *self._args)
    │    │            │    │           │    └ <member '_args' of 'Handle' objects>
    │    │            │    │           └ <Handle <_asyncio.TaskStepMethWrapper object at 0x00000251091D6410>()>
    │    │            │    └ <member '_callback' of 'Handle' objects>
    │    │            └ <Handle <_asyncio.TaskStepMethWrapper object at 0x00000251091D6410>()>
    │    └ <member '_context' of 'Handle' objects>
    └ <Handle <_asyncio.TaskStepMethWrapper object at 0x00000251091D6410>()>

> File "D:\Projects\ContexGo\contexgo\nexus\test_sensor\page.py", line 157, in poll_sensors
    self._sync_sensors(sensors)
    │    │             └ [{'id': 'window_focus', 'name': 'WindowFocusSensor', 'isOn': True}]
    │    └ <function SensorDashboard._sync_sensors at 0x0000025108832D40>
    └ <contexgo.nexus.test_sensor.page.SensorDashboard object at 0x0000025108845FD0>

  File "D:\Projects\ContexGo\contexgo\nexus\test_sensor\page.py", line 221, in _sync_sensors
    switch = SensorSwitch(model, on_toggle=self._handle_toggle)
             │            │                │    └ <function SensorDashboard._handle_toggle at 0x0000025108832C00>
             │            │                └ <contexgo.nexus.test_sensor.page.SensorDashboard object at 0x0000025108845FD0>
             │            └ SensorViewModel(sensor_id='window_focus', name='WindowFocusSensor', is_on=True)
             └ <class 'contexgo.nexus.test_sensor.sensor_switch.SensorSwitch'>

  File "D:\Projects\ContexGo\contexgo\nexus\test_sensor\sensor_switch.py", line 37, in __init__
    border=ft.border.all(1, ft.colors.OUTLINE_VARIANT),
           │  │      │      └ <module 'flet' from 'C:\\Users\\77285\\AppData\\Local\\Programs\\Python\\Python312\\Lib\\site-packages\\flet\\__init__.py'>
           │  │      └ <function all at 0x0000025106E0AFC0>
           │  └ <module 'flet.controls.border' from 'C:\\Users\\77285\\AppData\\Local\\Programs\\Python\\Python312\\Lib\\site-packages\\flet\...
           └ <module 'flet' from 'C:\\Users\\77285\\AppData\\Local\\Programs\\Python\\Python312\\Lib\\site-packages\\flet\\__init__.py'>

AttributeError: module 'flet' has no attribute 'colors'. Did you mean: 'Colors'?
2026-01-01 23:04:09 | INFO     | contexgo.nexus.test_sensor.page:poll_sensors:153 - 轮询传感器状态: 请求开始
2026-01-01 23:04:09 | ERROR    | contexgo.nexus.test_sensor.page:poll_sensors:172 - 轮询失败
Traceback (most recent call last):

  File "<frozen runpy>", line 198, in _run_module_as_main
  File "<frozen runpy>", line 88, in _run_code

  File "D:\Projects\ContexGo\contexgo\nexus\test_sensor\__main__.py", line 8, in <module>
    run()
    └ <function run at 0x000002510393D800>

  File "D:\Projects\ContexGo\contexgo\nexus\test_sensor\app.py", line 18, in run
    ft.app(target=main)
    │  │          └ <function main at 0x0000025108832F20>
    │  └ <function app at 0x00000251070DFB00>
    └ <module 'flet' from 'C:\\Users\\77285\\AppData\\Local\\Programs\\Python\\Python312\\Lib\\site-packages\\flet\\__init__.py'>

  File "C:\Users\77285\AppData\Local\Programs\Python\Python312\Lib\site-packages\flet\utils\deprecated.py", line 40, in wrapper
    return func(*args, **kwargs)
           │     │       └ {'target': <function main at 0x0000025108832F20>}
           │     └ ()
           └ <function app at 0x0000025107093060>
  File "C:\Users\77285\AppData\Local\Programs\Python\Python312\Lib\site-packages\flet\app.py", line 43, in app
    return run(*new_args, **kwargs)
           │    │           └ {'target': <function main at 0x0000025108832F20>}
           │    └ [<function main at 0x0000025108832F20>]
           └ <function run at 0x0000025107061300>
  File "C:\Users\77285\AppData\Local\Programs\Python\Python312\Lib\site-packages\flet\app.py", line 96, in run
    return asyncio.run(
           │       └ <function run at 0x0000025105671C60>
           └ <module 'asyncio' from 'C:\\Users\\77285\\AppData\\Local\\Programs\\Python\\Python312\\Lib\\asyncio\\__init__.py'>
  File "C:\Users\77285\AppData\Local\Programs\Python\Python312\Lib\asyncio\runners.py", line 195, in run
    return runner.run(main)
           │      │   └ <coroutine object run_async at 0x00000251087E0D60>
           │      └ <function Runner.run at 0x00000251057098A0>
           └ <asyncio.runners.Runner object at 0x0000025108858EC0>
  File "C:\Users\77285\AppData\Local\Programs\Python\Python312\Lib\asyncio\runners.py", line 118, in run
    return self._loop.run_until_complete(task)
           │    │     │                  └ <Task pending name='Task-1' coro=<run_async() running at C:\Users\77285\AppData\Local\Programs\Python\Python312\Lib\site-pack...
           │    │     └ <function BaseEventLoop.run_until_complete at 0x00000251057034C0>
           │    └ <ProactorEventLoop running=True closed=False debug=False>
           └ <asyncio.runners.Runner object at 0x0000025108858EC0>
  File "C:\Users\77285\AppData\Local\Programs\Python\Python312\Lib\asyncio\base_events.py", line 678, in run_until_complete
    self.run_forever()
    │    └ <function ProactorEventLoop.run_forever at 0x00000251057C7060>
    └ <ProactorEventLoop running=True closed=False debug=False>
  File "C:\Users\77285\AppData\Local\Programs\Python\Python312\Lib\asyncio\windows_events.py", line 322, in run_forever
    super().run_forever()
  File "C:\Users\77285\AppData\Local\Programs\Python\Python312\Lib\asyncio\base_events.py", line 645, in run_forever
    self._run_once()
    │    └ <function BaseEventLoop._run_once at 0x0000025105709260>
    └ <ProactorEventLoop running=True closed=False debug=False>
  File "C:\Users\77285\AppData\Local\Programs\Python\Python312\Lib\asyncio\base_events.py", line 1999, in _run_once
    handle._run()
    │      └ <function Handle._run at 0x000002510564B2E0>
    └ <Handle <_asyncio.TaskStepMethWrapper object at 0x00000251091D5A20>()>
  File "C:\Users\77285\AppData\Local\Programs\Python\Python312\Lib\asyncio\events.py", line 88, in _run
    self._context.run(self._callback, *self._args)
    │    │            │    │           │    └ <member '_args' of 'Handle' objects>
    │    │            │    │           └ <Handle <_asyncio.TaskStepMethWrapper object at 0x00000251091D5A20>()>
    │    │            │    └ <member '_callback' of 'Handle' objects>
    │    │            └ <Handle <_asyncio.TaskStepMethWrapper object at 0x00000251091D5A20>()>
    │    └ <member '_context' of 'Handle' objects>
    └ <Handle <_asyncio.TaskStepMethWrapper object at 0x00000251091D5A20>()>

> File "D:\Projects\ContexGo\contexgo\nexus\test_sensor\page.py", line 157, in poll_sensors
    self._sync_sensors(sensors)
    │    │             └ [{'id': 'window_focus', 'name': 'WindowFocusSensor', 'isOn': True}]
    │    └ <function SensorDashboard._sync_sensors at 0x0000025108832D40>
    └ <contexgo.nexus.test_sensor.page.SensorDashboard object at 0x0000025108845FD0>

  File "D:\Projects\ContexGo\contexgo\nexus\test_sensor\page.py", line 221, in _sync_sensors
    switch = SensorSwitch(model, on_toggle=self._handle_toggle)
             │            │                │    └ <function SensorDashboard._handle_toggle at 0x0000025108832C00>
             │            │                └ <contexgo.nexus.test_sensor.page.SensorDashboard object at 0x0000025108845FD0>
             │            └ SensorViewModel(sensor_id='window_focus', name='WindowFocusSensor', is_on=True)
             └ <class 'contexgo.nexus.test_sensor.sensor_switch.SensorSwitch'>

  File "D:\Projects\ContexGo\contexgo\nexus\test_sensor\sensor_switch.py", line 37, in __init__
    border=ft.border.all(1, ft.colors.OUTLINE_VARIANT),
           │  │      │      └ <module 'flet' from 'C:\\Users\\77285\\AppData\\Local\\Programs\\Python\\Python312\\Lib\\site-packages\\flet\\__init__.py'>
           │  │      └ <function all at 0x0000025106E0AFC0>
           │  └ <module 'flet.controls.border' from 'C:\\Users\\77285\\AppData\\Local\\Programs\\Python\\Python312\\Lib\\site-packages\\flet\...
           └ <module 'flet' from 'C:\\Users\\77285\\AppData\\Local\\Programs\\Python\\Python312\\Lib\\site-packages\\flet\\__init__.py'>

AttributeError: module 'flet' has no attribute 'colors'. Did you mean: 'Colors'?
2026-01-01 23:04:10 | INFO     | contexgo.nexus.test_sensor.page:poll_sensors:153 - 轮询传感器状态: 请求开始
2026-01-01 23:04:10 | ERROR    | contexgo.nexus.test_sensor.page:poll_sensors:172 - 轮询失败
Traceback (most recent call last):

  File "<frozen runpy>", line 198, in _run_module_as_main
  File "<frozen runpy>", line 88, in _run_code

  File "D:\Projects\ContexGo\contexgo\nexus\test_sensor\__main__.py", line 8, in <module>
    run()
    └ <function run at 0x000002510393D800>

  File "D:\Projects\ContexGo\contexgo\nexus\test_sensor\app.py", line 18, in run
    ft.app(target=main)
    │  │          └ <function main at 0x0000025108832F20>
    │  └ <function app at 0x00000251070DFB00>
    └ <module 'flet' from 'C:\\Users\\77285\\AppData\\Local\\Programs\\Python\\Python312\\Lib\\site-packages\\flet\\__init__.py'>

  File "C:\Users\77285\AppData\Local\Programs\Python\Python312\Lib\site-packages\flet\utils\deprecated.py", line 40, in wrapper
    return func(*args, **kwargs)
           │     │       └ {'target': <function main at 0x0000025108832F20>}
           │     └ ()
           └ <function app at 0x0000025107093060>
  File "C:\Users\77285\AppData\Local\Programs\Python\Python312\Lib\site-packages\flet\app.py", line 43, in app
    return run(*new_args, **kwargs)
           │    │           └ {'target': <function main at 0x0000025108832F20>}
           │    └ [<function main at 0x0000025108832F20>]
           └ <function run at 0x0000025107061300>
  File "C:\Users\77285\AppData\Local\Programs\Python\Python312\Lib\site-packages\flet\app.py", line 96, in run
    return asyncio.run(
           │       └ <function run at 0x0000025105671C60>
           └ <module 'asyncio' from 'C:\\Users\\77285\\AppData\\Local\\Programs\\Python\\Python312\\Lib\\asyncio\\__init__.py'>
  File "C:\Users\77285\AppData\Local\Programs\Python\Python312\Lib\asyncio\runners.py", line 195, in run
    return runner.run(main)
           │      │   └ <coroutine object run_async at 0x00000251087E0D60>
           │      └ <function Runner.run at 0x00000251057098A0>
           └ <asyncio.runners.Runner object at 0x0000025108858EC0>
  File "C:\Users\77285\AppData\Local\Programs\Python\Python312\Lib\asyncio\runners.py", line 118, in run
    return self._loop.run_until_complete(task)
           │    │     │                  └ <Task pending name='Task-1' coro=<run_async() running at C:\Users\77285\AppData\Local\Programs\Python\Python312\Lib\site-pack...
           │    │     └ <function BaseEventLoop.run_until_complete at 0x00000251057034C0>
           │    └ <ProactorEventLoop running=True closed=False debug=False>
           └ <asyncio.runners.Runner object at 0x0000025108858EC0>
  File "C:\Users\77285\AppData\Local\Programs\Python\Python312\Lib\asyncio\base_events.py", line 678, in run_until_complete
    self.run_forever()
    │    └ <function ProactorEventLoop.run_forever at 0x00000251057C7060>
    └ <ProactorEventLoop running=True closed=False debug=False>
  File "C:\Users\77285\AppData\Local\Programs\Python\Python312\Lib\asyncio\windows_events.py", line 322, in run_forever
    super().run_forever()
  File "C:\Users\77285\AppData\Local\Programs\Python\Python312\Lib\asyncio\base_events.py", line 645, in run_forever
    self._run_once()
    │    └ <function BaseEventLoop._run_once at 0x0000025105709260>
    └ <ProactorEventLoop running=True closed=False debug=False>
  File "C:\Users\77285\AppData\Local\Programs\Python\Python312\Lib\asyncio\base_events.py", line 1999, in _run_once
    handle._run()
    │      └ <function Handle._run at 0x000002510564B2E0>
    └ <Handle <_asyncio.TaskStepMethWrapper object at 0x00000251091D51E0>()>
  File "C:\Users\77285\AppData\Local\Programs\Python\Python312\Lib\asyncio\events.py", line 88, in _run
    self._context.run(self._callback, *self._args)
    │    │            │    │           │    └ <member '_args' of 'Handle' objects>
    │    │            │    │           └ <Handle <_asyncio.TaskStepMethWrapper object at 0x00000251091D51E0>()>
    │    │            │    └ <member '_callback' of 'Handle' objects>
    │    │            └ <Handle <_asyncio.TaskStepMethWrapper object at 0x00000251091D51E0>()>
    │    └ <member '_context' of 'Handle' objects>
    └ <Handle <_asyncio.TaskStepMethWrapper object at 0x00000251091D51E0>()>

> File "D:\Projects\ContexGo\contexgo\nexus\test_sensor\page.py", line 157, in poll_sensors
    self._sync_sensors(sensors)
    │    │             └ [{'id': 'window_focus', 'name': 'WindowFocusSensor', 'isOn': True}]
    │    └ <function SensorDashboard._sync_sensors at 0x0000025108832D40>
    └ <contexgo.nexus.test_sensor.page.SensorDashboard object at 0x0000025108845FD0>

  File "D:\Projects\ContexGo\contexgo\nexus\test_sensor\page.py", line 221, in _sync_sensors
    switch = SensorSwitch(model, on_toggle=self._handle_toggle)
             │            │                │    └ <function SensorDashboard._handle_toggle at 0x0000025108832C00>
             │            │                └ <contexgo.nexus.test_sensor.page.SensorDashboard object at 0x0000025108845FD0>
             │            └ SensorViewModel(sensor_id='window_focus', name='WindowFocusSensor', is_on=True)
             └ <class 'contexgo.nexus.test_sensor.sensor_switch.SensorSwitch'>

  File "D:\Projects\ContexGo\contexgo\nexus\test_sensor\sensor_switch.py", line 37, in __init__
    border=ft.border.all(1, ft.colors.OUTLINE_VARIANT),
           │  │      │      └ <module 'flet' from 'C:\\Users\\77285\\AppData\\Local\\Programs\\Python\\Python312\\Lib\\site-packages\\flet\\__init__.py'>
           │  │      └ <function all at 0x0000025106E0AFC0>
           │  └ <module 'flet.controls.border' from 'C:\\Users\\77285\\AppData\\Local\\Programs\\Python\\Python312\\Lib\\site-packages\\flet\...
           └ <module 'flet' from 'C:\\Users\\77285\\AppData\\Local\\Programs\\Python\\Python312\\Lib\\site-packages\\flet\\__init__.py'>

AttributeError: module 'flet' has no attribute 'colors'. Did you mean: 'Colors'?
2026-01-01 23:04:11 | INFO     | contexgo.nexus.test_sensor.page:poll_sensors:153 - 轮询传感器状态: 请求开始
2026-01-01 23:04:11 | ERROR    | contexgo.nexus.test_sensor.page:poll_sensors:172 - 轮询失败
Traceback (most recent call last):

  File "<frozen runpy>", line 198, in _run_module_as_main
  File "<frozen runpy>", line 88, in _run_code

  File "D:\Projects\ContexGo\contexgo\nexus\test_sensor\__main__.py", line 8, in <module>
    run()
    └ <function run at 0x000002510393D800>

  File "D:\Projects\ContexGo\contexgo\nexus\test_sensor\app.py", line 18, in run
    ft.app(target=main)
    │  │          └ <function main at 0x0000025108832F20>
    │  └ <function app at 0x00000251070DFB00>
    └ <module 'flet' from 'C:\\Users\\77285\\AppData\\Local\\Programs\\Python\\Python312\\Lib\\site-packages\\flet\\__init__.py'>

  File "C:\Users\77285\AppData\Local\Programs\Python\Python312\Lib\site-packages\flet\utils\deprecated.py", line 40, in wrapper
    return func(*args, **kwargs)
           │     │       └ {'target': <function main at 0x0000025108832F20>}
           │     └ ()
           └ <function app at 0x0000025107093060>
  File "C:\Users\77285\AppData\Local\Programs\Python\Python312\Lib\site-packages\flet\app.py", line 43, in app
    return run(*new_args, **kwargs)
           │    │           └ {'target': <function main at 0x0000025108832F20>}
           │    └ [<function main at 0x0000025108832F20>]
           └ <function run at 0x0000025107061300>
  File "C:\Users\77285\AppData\Local\Programs\Python\Python312\Lib\site-packages\flet\app.py", line 96, in run
    return asyncio.run(
           │       └ <function run at 0x0000025105671C60>
           └ <module 'asyncio' from 'C:\\Users\\77285\\AppData\\Local\\Programs\\Python\\Python312\\Lib\\asyncio\\__init__.py'>
  File "C:\Users\77285\AppData\Local\Programs\Python\Python312\Lib\asyncio\runners.py", line 195, in run
    return runner.run(main)
           │      │   └ <coroutine object run_async at 0x00000251087E0D60>
           │      └ <function Runner.run at 0x00000251057098A0>
           └ <asyncio.runners.Runner object at 0x0000025108858EC0>
  File "C:\Users\77285\AppData\Local\Programs\Python\Python312\Lib\asyncio\runners.py", line 118, in run
    return self._loop.run_until_complete(task)
           │    │     │                  └ <Task pending name='Task-1' coro=<run_async() running at C:\Users\77285\AppData\Local\Programs\Python\Python312\Lib\site-pack...
           │    │     └ <function BaseEventLoop.run_until_complete at 0x00000251057034C0>
           │    └ <ProactorEventLoop running=True closed=False debug=False>
           └ <asyncio.runners.Runner object at 0x0000025108858EC0>
  File "C:\Users\77285\AppData\Local\Programs\Python\Python312\Lib\asyncio\base_events.py", line 678, in run_until_complete
    self.run_forever()
    │    └ <function ProactorEventLoop.run_forever at 0x00000251057C7060>
    └ <ProactorEventLoop running=True closed=False debug=False>
  File "C:\Users\77285\AppData\Local\Programs\Python\Python312\Lib\asyncio\windows_events.py", line 322, in run_forever
    super().run_forever()
  File "C:\Users\77285\AppData\Local\Programs\Python\Python312\Lib\asyncio\base_events.py", line 645, in run_forever
    self._run_once()
    │    └ <function BaseEventLoop._run_once at 0x0000025105709260>
    └ <ProactorEventLoop running=True closed=False debug=False>
  File "C:\Users\77285\AppData\Local\Programs\Python\Python312\Lib\asyncio\base_events.py", line 1999, in _run_once
    handle._run()
    │      └ <function Handle._run at 0x000002510564B2E0>
    └ <Handle <_asyncio.TaskStepMethWrapper object at 0x00000251091E87F0>()>
  File "C:\Users\77285\AppData\Local\Programs\Python\Python312\Lib\asyncio\events.py", line 88, in _run
    self._context.run(self._callback, *self._args)
    │    │            │    │           │    └ <member '_args' of 'Handle' objects>
    │    │            │    │           └ <Handle <_asyncio.TaskStepMethWrapper object at 0x00000251091E87F0>()>
    │    │            │    └ <member '_callback' of 'Handle' objects>
    │    │            └ <Handle <_asyncio.TaskStepMethWrapper object at 0x00000251091E87F0>()>
    │    └ <member '_context' of 'Handle' objects>
    └ <Handle <_asyncio.TaskStepMethWrapper object at 0x00000251091E87F0>()>

> File "D:\Projects\ContexGo\contexgo\nexus\test_sensor\page.py", line 157, in poll_sensors
    self._sync_sensors(sensors)
    │    │             └ [{'id': 'window_focus', 'name': 'WindowFocusSensor', 'isOn': True}]
    │    └ <function SensorDashboard._sync_sensors at 0x0000025108832D40>
    └ <contexgo.nexus.test_sensor.page.SensorDashboard object at 0x0000025108845FD0>

  File "D:\Projects\ContexGo\contexgo\nexus\test_sensor\page.py", line 221, in _sync_sensors
    switch = SensorSwitch(model, on_toggle=self._handle_toggle)
             │            │                │    └ <function SensorDashboard._handle_toggle at 0x0000025108832C00>
             │            │                └ <contexgo.nexus.test_sensor.page.SensorDashboard object at 0x0000025108845FD0>
             │            └ SensorViewModel(sensor_id='window_focus', name='WindowFocusSensor', is_on=True)
             └ <class 'contexgo.nexus.test_sensor.sensor_switch.SensorSwitch'>

  File "D:\Projects\ContexGo\contexgo\nexus\test_sensor\sensor_switch.py", line 37, in __init__
    border=ft.border.all(1, ft.colors.OUTLINE_VARIANT),
           │  │      │      └ <module 'flet' from 'C:\\Users\\77285\\AppData\\Local\\Programs\\Python\\Python312\\Lib\\site-packages\\flet\\__init__.py'>
           │  │      └ <function all at 0x0000025106E0AFC0>
           │  └ <module 'flet.controls.border' from 'C:\\Users\\77285\\AppData\\Local\\Programs\\Python\\Python312\\Lib\\site-packages\\flet\...
           └ <module 'flet' from 'C:\\Users\\77285\\AppData\\Local\\Programs\\Python\\Python312\\Lib\\site-packages\\flet\\__init__.py'>

AttributeError: module 'flet' has no attribute 'colors'. Did you mean: 'Colors'?
2026-01-01 23:04:12 | INFO     | contexgo.nexus.test_sensor.page:poll_sensors:153 - 轮询传感器状态: 请求开始
2026-01-01 23:04:12 | ERROR    | contexgo.nexus.test_sensor.page:poll_sensors:172 - 轮询失败
Traceback (most recent call last):

  File "<frozen runpy>", line 198, in _run_module_as_main
  File "<frozen runpy>", line 88, in _run_code

  File "D:\Projects\ContexGo\contexgo\nexus\test_sensor\__main__.py", line 8, in <module>
    run()
    └ <function run at 0x000002510393D800>

  File "D:\Projects\ContexGo\contexgo\nexus\test_sensor\app.py", line 18, in run
    ft.app(target=main)
    │  │          └ <function main at 0x0000025108832F20>
    │  └ <function app at 0x00000251070DFB00>
    └ <module 'flet' from 'C:\\Users\\77285\\AppData\\Local\\Programs\\Python\\Python312\\Lib\\site-packages\\flet\\__init__.py'>

  File "C:\Users\77285\AppData\Local\Programs\Python\Python312\Lib\site-packages\flet\utils\deprecated.py", line 40, in wrapper
    return func(*args, **kwargs)
           │     │       └ {'target': <function main at 0x0000025108832F20>}
           │     └ ()
           └ <function app at 0x0000025107093060>
  File "C:\Users\77285\AppData\Local\Programs\Python\Python312\Lib\site-packages\flet\app.py", line 43, in app
    return run(*new_args, **kwargs)
           │    │           └ {'target': <function main at 0x0000025108832F20>}
           │    └ [<function main at 0x0000025108832F20>]
           └ <function run at 0x0000025107061300>
  File "C:\Users\77285\AppData\Local\Programs\Python\Python312\Lib\site-packages\flet\app.py", line 96, in run
    return asyncio.run(
           │       └ <function run at 0x0000025105671C60>
           └ <module 'asyncio' from 'C:\\Users\\77285\\AppData\\Local\\Programs\\Python\\Python312\\Lib\\asyncio\\__init__.py'>
  File "C:\Users\77285\AppData\Local\Programs\Python\Python312\Lib\asyncio\runners.py", line 195, in run
    return runner.run(main)
           │      │   └ <coroutine object run_async at 0x00000251087E0D60>
           │      └ <function Runner.run at 0x00000251057098A0>
           └ <asyncio.runners.Runner object at 0x0000025108858EC0>
  File "C:\Users\77285\AppData\Local\Programs\Python\Python312\Lib\asyncio\runners.py", line 118, in run
    return self._loop.run_until_complete(task)
           │    │     │                  └ <Task pending name='Task-1' coro=<run_async() running at C:\Users\77285\AppData\Local\Programs\Python\Python312\Lib\site-pack...
           │    │     └ <function BaseEventLoop.run_until_complete at 0x00000251057034C0>
           │    └ <ProactorEventLoop running=True closed=False debug=False>
           └ <asyncio.runners.Runner object at 0x0000025108858EC0>
  File "C:\Users\77285\AppData\Local\Programs\Python\Python312\Lib\asyncio\base_events.py", line 678, in run_until_complete
    self.run_forever()
    │    └ <function ProactorEventLoop.run_forever at 0x00000251057C7060>
    └ <ProactorEventLoop running=True closed=False debug=False>
  File "C:\Users\77285\AppData\Local\Programs\Python\Python312\Lib\asyncio\windows_events.py", line 322, in run_forever
    super().run_forever()
  File "C:\Users\77285\AppData\Local\Programs\Python\Python312\Lib\asyncio\base_events.py", line 645, in run_forever
    self._run_once()
    │    └ <function BaseEventLoop._run_once at 0x0000025105709260>
    └ <ProactorEventLoop running=True closed=False debug=False>
  File "C:\Users\77285\AppData\Local\Programs\Python\Python312\Lib\asyncio\base_events.py", line 1999, in _run_once
    handle._run()
    │      └ <function Handle._run at 0x000002510564B2E0>
    └ <Handle <_asyncio.TaskStepMethWrapper object at 0x00000251091E9750>()>
  File "C:\Users\77285\AppData\Local\Programs\Python\Python312\Lib\asyncio\events.py", line 88, in _run
    self._context.run(self._callback, *self._args)
    │    │            │    │           │    └ <member '_args' of 'Handle' objects>
    │    │            │    │           └ <Handle <_asyncio.TaskStepMethWrapper object at 0x00000251091E9750>()>
    │    │            │    └ <member '_callback' of 'Handle' objects>
    │    │            └ <Handle <_asyncio.TaskStepMethWrapper object at 0x00000251091E9750>()>
    │    └ <member '_context' of 'Handle' objects>
    └ <Handle <_asyncio.TaskStepMethWrapper object at 0x00000251091E9750>()>

> File "D:\Projects\ContexGo\contexgo\nexus\test_sensor\page.py", line 157, in poll_sensors
    self._sync_sensors(sensors)
    │    │             └ [{'id': 'window_focus', 'name': 'WindowFocusSensor', 'isOn': True}]
    │    └ <function SensorDashboard._sync_sensors at 0x0000025108832D40>
    └ <contexgo.nexus.test_sensor.page.SensorDashboard object at 0x0000025108845FD0>

  File "D:\Projects\ContexGo\contexgo\nexus\test_sensor\page.py", line 221, in _sync_sensors
    switch = SensorSwitch(model, on_toggle=self._handle_toggle)
             │            │                │    └ <function SensorDashboard._handle_toggle at 0x0000025108832C00>
             │            │                └ <contexgo.nexus.test_sensor.page.SensorDashboard object at 0x0000025108845FD0>
             │            └ SensorViewModel(sensor_id='window_focus', name='WindowFocusSensor', is_on=True)
             └ <class 'contexgo.nexus.test_sensor.sensor_switch.SensorSwitch'>

  File "D:\Projects\ContexGo\contexgo\nexus\test_sensor\sensor_switch.py", line 37, in __init__
    border=ft.border.all(1, ft.colors.OUTLINE_VARIANT),
           │  │      │      └ <module 'flet' from 'C:\\Users\\77285\\AppData\\Local\\Programs\\Python\\Python312\\Lib\\site-packages\\flet\\__init__.py'>
           │  │      └ <function all at 0x0000025106E0AFC0>
           │  └ <module 'flet.controls.border' from 'C:\\Users\\77285\\AppData\\Local\\Programs\\Python\\Python312\\Lib\\site-packages\\flet\...
           └ <module 'flet' from 'C:\\Users\\77285\\AppData\\Local\\Programs\\Python\\Python312\\Lib\\site-packages\\flet\\__init__.py'>

AttributeError: module 'flet' has no attribute 'colors'. Did you mean: 'Colors'?
2026-01-01 23:04:13 | INFO     | contexgo.nexus.test_sensor.page:poll_sensors:153 - 轮询传感器状态: 请求开始
2026-01-01 23:04:13 | ERROR    | contexgo.nexus.test_sensor.page:poll_sensors:172 - 轮询失败
Traceback (most recent call last):

  File "<frozen runpy>", line 198, in _run_module_as_main
  File "<frozen runpy>", line 88, in _run_code

  File "D:\Projects\ContexGo\contexgo\nexus\test_sensor\__main__.py", line 8, in <module>
    run()
    └ <function run at 0x000002510393D800>

  File "D:\Projects\ContexGo\contexgo\nexus\test_sensor\app.py", line 18, in run
    ft.app(target=main)
    │  │          └ <function main at 0x0000025108832F20>
    │  └ <function app at 0x00000251070DFB00>
    └ <module 'flet' from 'C:\\Users\\77285\\AppData\\Local\\Programs\\Python\\Python312\\Lib\\site-packages\\flet\\__init__.py'>

  File "C:\Users\77285\AppData\Local\Programs\Python\Python312\Lib\site-packages\flet\utils\deprecated.py", line 40, in wrapper
    return func(*args, **kwargs)
           │     │       └ {'target': <function main at 0x0000025108832F20>}
           │     └ ()
           └ <function app at 0x0000025107093060>
  File "C:\Users\77285\AppData\Local\Programs\Python\Python312\Lib\site-packages\flet\app.py", line 43, in app
    return run(*new_args, **kwargs)
           │    │           └ {'target': <function main at 0x0000025108832F20>}
           │    └ [<function main at 0x0000025108832F20>]
           └ <function run at 0x0000025107061300>
  File "C:\Users\77285\AppData\Local\Programs\Python\Python312\Lib\site-packages\flet\app.py", line 96, in run
    return asyncio.run(
           │       └ <function run at 0x0000025105671C60>
           └ <module 'asyncio' from 'C:\\Users\\77285\\AppData\\Local\\Programs\\Python\\Python312\\Lib\\asyncio\\__init__.py'>
  File "C:\Users\77285\AppData\Local\Programs\Python\Python312\Lib\asyncio\runners.py", line 195, in run
    return runner.run(main)
           │      │   └ <coroutine object run_async at 0x00000251087E0D60>
           │      └ <function Runner.run at 0x00000251057098A0>
           └ <asyncio.runners.Runner object at 0x0000025108858EC0>
  File "C:\Users\77285\AppData\Local\Programs\Python\Python312\Lib\asyncio\runners.py", line 118, in run
    return self._loop.run_until_complete(task)
           │    │     │                  └ <Task pending name='Task-1' coro=<run_async() running at C:\Users\77285\AppData\Local\Programs\Python\Python312\Lib\site-pack...
           │    │     └ <function BaseEventLoop.run_until_complete at 0x00000251057034C0>
           │    └ <ProactorEventLoop running=True closed=False debug=False>
           └ <asyncio.runners.Runner object at 0x0000025108858EC0>
  File "C:\Users\77285\AppData\Local\Programs\Python\Python312\Lib\asyncio\base_events.py", line 678, in run_until_complete
    self.run_forever()
    │    └ <function ProactorEventLoop.run_forever at 0x00000251057C7060>
    └ <ProactorEventLoop running=True closed=False debug=False>
  File "C:\Users\77285\AppData\Local\Programs\Python\Python312\Lib\asyncio\windows_events.py", line 322, in run_forever
    super().run_forever()
  File "C:\Users\77285\AppData\Local\Programs\Python\Python312\Lib\asyncio\base_events.py", line 645, in run_forever
    self._run_once()
    │    └ <function BaseEventLoop._run_once at 0x0000025105709260>
    └ <ProactorEventLoop running=True closed=False debug=False>
  File "C:\Users\77285\AppData\Local\Programs\Python\Python312\Lib\asyncio\base_events.py", line 1999, in _run_once
    handle._run()
    │      └ <function Handle._run at 0x000002510564B2E0>
    └ <Handle <_asyncio.TaskStepMethWrapper object at 0x00000251091E9750>()>
  File "C:\Users\77285\AppData\Local\Programs\Python\Python312\Lib\asyncio\events.py", line 88, in _run
    self._context.run(self._callback, *self._args)
    │    │            │    │           │    └ <member '_args' of 'Handle' objects>
    │    │            │    │           └ <Handle <_asyncio.TaskStepMethWrapper object at 0x00000251091E9750>()>
    │    │            │    └ <member '_callback' of 'Handle' objects>
    │    │            └ <Handle <_asyncio.TaskStepMethWrapper object at 0x00000251091E9750>()>
    │    └ <member '_context' of 'Handle' objects>
    └ <Handle <_asyncio.TaskStepMethWrapper object at 0x00000251091E9750>()>

> File "D:\Projects\ContexGo\contexgo\nexus\test_sensor\page.py", line 157, in poll_sensors
    self._sync_sensors(sensors)
    │    │             └ [{'id': 'window_focus', 'name': 'WindowFocusSensor', 'isOn': True}]
    │    └ <function SensorDashboard._sync_sensors at 0x0000025108832D40>
    └ <contexgo.nexus.test_sensor.page.SensorDashboard object at 0x0000025108845FD0>

  File "D:\Projects\ContexGo\contexgo\nexus\test_sensor\page.py", line 221, in _sync_sensors
    switch = SensorSwitch(model, on_toggle=self._handle_toggle)
             │            │                │    └ <function SensorDashboard._handle_toggle at 0x0000025108832C00>
             │            │                └ <contexgo.nexus.test_sensor.page.SensorDashboard object at 0x0000025108845FD0>
             │            └ SensorViewModel(sensor_id='window_focus', name='WindowFocusSensor', is_on=True)
             └ <class 'contexgo.nexus.test_sensor.sensor_switch.SensorSwitch'>

  File "D:\Projects\ContexGo\contexgo\nexus\test_sensor\sensor_switch.py", line 37, in __init__
    border=ft.border.all(1, ft.colors.OUTLINE_VARIANT),
           │  │      │      └ <module 'flet' from 'C:\\Users\\77285\\AppData\\Local\\Programs\\Python\\Python312\\Lib\\site-packages\\flet\\__init__.py'>
           │  │      └ <function all at 0x0000025106E0AFC0>
           │  └ <module 'flet.controls.border' from 'C:\\Users\\77285\\AppData\\Local\\Programs\\Python\\Python312\\Lib\\site-packages\\flet\...
           └ <module 'flet' from 'C:\\Users\\77285\\AppData\\Local\\Programs\\Python\\Python312\\Lib\\site-packages\\flet\\__init__.py'>

AttributeError: module 'flet' has no attribute 'colors'. Did you mean: 'Colors'?
2026-01-01 23:04:14 | INFO     | contexgo.nexus.test_sensor.page:poll_sensors:153 - 轮询传感器状态: 请求开始
2026-01-01 23:04:14 | ERROR    | contexgo.nexus.test_sensor.page:poll_sensors:172 - 轮询失败
Traceback (most recent call last):

  File "<frozen runpy>", line 198, in _run_module_as_main
  File "<frozen runpy>", line 88, in _run_code

  File "D:\Projects\ContexGo\contexgo\nexus\test_sensor\__main__.py", line 8, in <module>
    run()
    └ <function run at 0x000002510393D800>

  File "D:\Projects\ContexGo\contexgo\nexus\test_sensor\app.py", line 18, in run
    ft.app(target=main)
    │  │          └ <function main at 0x0000025108832F20>
    │  └ <function app at 0x00000251070DFB00>
    └ <module 'flet' from 'C:\\Users\\77285\\AppData\\Local\\Programs\\Python\\Python312\\Lib\\site-packages\\flet\\__init__.py'>

  File "C:\Users\77285\AppData\Local\Programs\Python\Python312\Lib\site-packages\flet\utils\deprecated.py", line 40, in wrapper
    return func(*args, **kwargs)
           │     │       └ {'target': <function main at 0x0000025108832F20>}
           │     └ ()
           └ <function app at 0x0000025107093060>
  File "C:\Users\77285\AppData\Local\Programs\Python\Python312\Lib\site-packages\flet\app.py", line 43, in app
    return run(*new_args, **kwargs)
           │    │           └ {'target': <function main at 0x0000025108832F20>}
           │    └ [<function main at 0x0000025108832F20>]
           └ <function run at 0x0000025107061300>
  File "C:\Users\77285\AppData\Local\Programs\Python\Python312\Lib\site-packages\flet\app.py", line 96, in run
    return asyncio.run(
           │       └ <function run at 0x0000025105671C60>
           └ <module 'asyncio' from 'C:\\Users\\77285\\AppData\\Local\\Programs\\Python\\Python312\\Lib\\asyncio\\__init__.py'>
  File "C:\Users\77285\AppData\Local\Programs\Python\Python312\Lib\asyncio\runners.py", line 195, in run
    return runner.run(main)
           │      │   └ <coroutine object run_async at 0x00000251087E0D60>
           │      └ <function Runner.run at 0x00000251057098A0>
           └ <asyncio.runners.Runner object at 0x0000025108858EC0>
  File "C:\Users\77285\AppData\Local\Programs\Python\Python312\Lib\asyncio\runners.py", line 118, in run
    return self._loop.run_until_complete(task)
           │    │     │                  └ <Task pending name='Task-1' coro=<run_async() running at C:\Users\77285\AppData\Local\Programs\Python\Python312\Lib\site-pack...
           │    │     └ <function BaseEventLoop.run_until_complete at 0x00000251057034C0>
           │    └ <ProactorEventLoop running=True closed=False debug=False>
           └ <asyncio.runners.Runner object at 0x0000025108858EC0>
  File "C:\Users\77285\AppData\Local\Programs\Python\Python312\Lib\asyncio\base_events.py", line 678, in run_until_complete
    self.run_forever()
    │    └ <function ProactorEventLoop.run_forever at 0x00000251057C7060>
    └ <ProactorEventLoop running=True closed=False debug=False>
  File "C:\Users\77285\AppData\Local\Programs\Python\Python312\Lib\asyncio\windows_events.py", line 322, in run_forever
    super().run_forever()
  File "C:\Users\77285\AppData\Local\Programs\Python\Python312\Lib\asyncio\base_events.py", line 645, in run_forever
    self._run_once()
    │    └ <function BaseEventLoop._run_once at 0x0000025105709260>
    └ <ProactorEventLoop running=True closed=False debug=False>
  File "C:\Users\77285\AppData\Local\Programs\Python\Python312\Lib\asyncio\base_events.py", line 1999, in _run_once
    handle._run()
    │      └ <function Handle._run at 0x000002510564B2E0>
    └ <Handle <_asyncio.TaskStepMethWrapper object at 0x00000251091D7FA0>()>
  File "C:\Users\77285\AppData\Local\Programs\Python\Python312\Lib\asyncio\events.py", line 88, in _run
    self._context.run(self._callback, *self._args)
    │    │            │    │           │    └ <member '_args' of 'Handle' objects>
    │    │            │    │           └ <Handle <_asyncio.TaskStepMethWrapper object at 0x00000251091D7FA0>()>
    │    │            │    └ <member '_callback' of 'Handle' objects>
    │    │            └ <Handle <_asyncio.TaskStepMethWrapper object at 0x00000251091D7FA0>()>
    │    └ <member '_context' of 'Handle' objects>
    └ <Handle <_asyncio.TaskStepMethWrapper object at 0x00000251091D7FA0>()>

> File "D:\Projects\ContexGo\contexgo\nexus\test_sensor\page.py", line 157, in poll_sensors
    self._sync_sensors(sensors)
    │    │             └ [{'id': 'window_focus', 'name': 'WindowFocusSensor', 'isOn': True}]
    │    └ <function SensorDashboard._sync_sensors at 0x0000025108832D40>
    └ <contexgo.nexus.test_sensor.page.SensorDashboard object at 0x0000025108845FD0>

  File "D:\Projects\ContexGo\contexgo\nexus\test_sensor\page.py", line 221, in _sync_sensors
    switch = SensorSwitch(model, on_toggle=self._handle_toggle)
             │            │                │    └ <function SensorDashboard._handle_toggle at 0x0000025108832C00>
             │            │                └ <contexgo.nexus.test_sensor.page.SensorDashboard object at 0x0000025108845FD0>
             │            └ SensorViewModel(sensor_id='window_focus', name='WindowFocusSensor', is_on=True)
             └ <class 'contexgo.nexus.test_sensor.sensor_switch.SensorSwitch'>

  File "D:\Projects\ContexGo\contexgo\nexus\test_sensor\sensor_switch.py", line 37, in __init__
    border=ft.border.all(1, ft.colors.OUTLINE_VARIANT),
           │  │      │      └ <module 'flet' from 'C:\\Users\\77285\\AppData\\Local\\Programs\\Python\\Python312\\Lib\\site-packages\\flet\\__init__.py'>
           │  │      └ <function all at 0x0000025106E0AFC0>
           │  └ <module 'flet.controls.border' from 'C:\\Users\\77285\\AppData\\Local\\Programs\\Python\\Python312\\Lib\\site-packages\\flet\...
           └ <module 'flet' from 'C:\\Users\\77285\\AppData\\Local\\Programs\\Python\\Python312\\Lib\\site-packages\\flet\\__init__.py'>

AttributeError: module 'flet' has no attribute 'colors'. Did you mean: 'Colors'?
2026-01-01 23:04:15 | INFO     | contexgo.nexus.test_sensor.page:poll_sensors:153 - 轮询传感器状态: 请求开始
2026-01-01 23:04:15 | ERROR    | contexgo.nexus.test_sensor.page:poll_sensors:172 - 轮询失败
Traceback (most recent call last):

  File "<frozen runpy>", line 198, in _run_module_as_main
  File "<frozen runpy>", line 88, in _run_code

  File "D:\Projects\ContexGo\contexgo\nexus\test_sensor\__main__.py", line 8, in <module>
    run()
    └ <function run at 0x000002510393D800>

  File "D:\Projects\ContexGo\contexgo\nexus\test_sensor\app.py", line 18, in run
    ft.app(target=main)
    │  │          └ <function main at 0x0000025108832F20>
    │  └ <function app at 0x00000251070DFB00>
    └ <module 'flet' from 'C:\\Users\\77285\\AppData\\Local\\Programs\\Python\\Python312\\Lib\\site-packages\\flet\\__init__.py'>

  File "C:\Users\77285\AppData\Local\Programs\Python\Python312\Lib\site-packages\flet\utils\deprecated.py", line 40, in wrapper
    return func(*args, **kwargs)
           │     │       └ {'target': <function main at 0x0000025108832F20>}
           │     └ ()
           └ <function app at 0x0000025107093060>
  File "C:\Users\77285\AppData\Local\Programs\Python\Python312\Lib\site-packages\flet\app.py", line 43, in app
    return run(*new_args, **kwargs)
           │    │           └ {'target': <function main at 0x0000025108832F20>}
           │    └ [<function main at 0x0000025108832F20>]
           └ <function run at 0x0000025107061300>
  File "C:\Users\77285\AppData\Local\Programs\Python\Python312\Lib\site-packages\flet\app.py", line 96, in run
    return asyncio.run(
           │       └ <function run at 0x0000025105671C60>
           └ <module 'asyncio' from 'C:\\Users\\77285\\AppData\\Local\\Programs\\Python\\Python312\\Lib\\asyncio\\__init__.py'>
  File "C:\Users\77285\AppData\Local\Programs\Python\Python312\Lib\asyncio\runners.py", line 195, in run
    return runner.run(main)
           │      │   └ <coroutine object run_async at 0x00000251087E0D60>
           │      └ <function Runner.run at 0x00000251057098A0>
           └ <asyncio.runners.Runner object at 0x0000025108858EC0>
  File "C:\Users\77285\AppData\Local\Programs\Python\Python312\Lib\asyncio\runners.py", line 118, in run
    return self._loop.run_until_complete(task)
           │    │     │                  └ <Task pending name='Task-1' coro=<run_async() running at C:\Users\77285\AppData\Local\Programs\Python\Python312\Lib\site-pack...
           │    │     └ <function BaseEventLoop.run_until_complete at 0x00000251057034C0>
           │    └ <ProactorEventLoop running=True closed=False debug=False>
           └ <asyncio.runners.Runner object at 0x0000025108858EC0>
  File "C:\Users\77285\AppData\Local\Programs\Python\Python312\Lib\asyncio\base_events.py", line 678, in run_until_complete
    self.run_forever()
    │    └ <function ProactorEventLoop.run_forever at 0x00000251057C7060>
    └ <ProactorEventLoop running=True closed=False debug=False>
  File "C:\Users\77285\AppData\Local\Programs\Python\Python312\Lib\asyncio\windows_events.py", line 322, in run_forever
    super().run_forever()
  File "C:\Users\77285\AppData\Local\Programs\Python\Python312\Lib\asyncio\base_events.py", line 645, in run_forever
    self._run_once()
    │    └ <function BaseEventLoop._run_once at 0x0000025105709260>
    └ <ProactorEventLoop running=True closed=False debug=False>
  File "C:\Users\77285\AppData\Local\Programs\Python\Python312\Lib\asyncio\base_events.py", line 1999, in _run_once
    handle._run()
    │      └ <function Handle._run at 0x000002510564B2E0>
    └ <Handle <_asyncio.TaskStepMethWrapper object at 0x00000251091D4C10>()>
  File "C:\Users\77285\AppData\Local\Programs\Python\Python312\Lib\asyncio\events.py", line 88, in _run
    self._context.run(self._callback, *self._args)
    │    │            │    │           │    └ <member '_args' of 'Handle' objects>
    │    │            │    │           └ <Handle <_asyncio.TaskStepMethWrapper object at 0x00000251091D4C10>()>
    │    │            │    └ <member '_callback' of 'Handle' objects>
    │    │            └ <Handle <_asyncio.TaskStepMethWrapper object at 0x00000251091D4C10>()>
    │    └ <member '_context' of 'Handle' objects>
    └ <Handle <_asyncio.TaskStepMethWrapper object at 0x00000251091D4C10>()>

> File "D:\Projects\ContexGo\contexgo\nexus\test_sensor\page.py", line 157, in poll_sensors
    self._sync_sensors(sensors)
    │    │             └ [{'id': 'window_focus', 'name': 'WindowFocusSensor', 'isOn': True}]
    │    └ <function SensorDashboard._sync_sensors at 0x0000025108832D40>
    └ <contexgo.nexus.test_sensor.page.SensorDashboard object at 0x0000025108845FD0>

  File "D:\Projects\ContexGo\contexgo\nexus\test_sensor\page.py", line 221, in _sync_sensors
    switch = SensorSwitch(model, on_toggle=self._handle_toggle)
             │            │                │    └ <function SensorDashboard._handle_toggle at 0x0000025108832C00>
             │            │                └ <contexgo.nexus.test_sensor.page.SensorDashboard object at 0x0000025108845FD0>
             │            └ SensorViewModel(sensor_id='window_focus', name='WindowFocusSensor', is_on=True)
             └ <class 'contexgo.nexus.test_sensor.sensor_switch.SensorSwitch'>

  File "D:\Projects\ContexGo\contexgo\nexus\test_sensor\sensor_switch.py", line 37, in __init__
    border=ft.border.all(1, ft.colors.OUTLINE_VARIANT),
           │  │      │      └ <module 'flet' from 'C:\\Users\\77285\\AppData\\Local\\Programs\\Python\\Python312\\Lib\\site-packages\\flet\\__init__.py'>
           │  │      └ <function all at 0x0000025106E0AFC0>
           │  └ <module 'flet.controls.border' from 'C:\\Users\\77285\\AppData\\Local\\Programs\\Python\\Python312\\Lib\\site-packages\\flet\...
           └ <module 'flet' from 'C:\\Users\\77285\\AppData\\Local\\Programs\\Python\\Python312\\Lib\\site-packages\\flet\\__init__.py'>

AttributeError: module 'flet' has no attribute 'colors'. Did you mean: 'Colors'?
2026-01-01 23:04:16 | INFO     | contexgo.nexus.test_sensor.page:poll_sensors:153 - 轮询传感器状态: 请求开始
2026-01-01 23:04:16 | ERROR    | contexgo.nexus.test_sensor.page:poll_sensors:172 - 轮询失败
Traceback (most recent call last):

  File "<frozen runpy>", line 198, in _run_module_as_main
  File "<frozen runpy>", line 88, in _run_code

  File "D:\Projects\ContexGo\contexgo\nexus\test_sensor\__main__.py", line 8, in <module>
    run()
    └ <function run at 0x000002510393D800>

  File "D:\Projects\ContexGo\contexgo\nexus\test_sensor\app.py", line 18, in run
    ft.app(target=main)
    │  │          └ <function main at 0x0000025108832F20>
    │  └ <function app at 0x00000251070DFB00>
    └ <module 'flet' from 'C:\\Users\\77285\\AppData\\Local\\Programs\\Python\\Python312\\Lib\\site-packages\\flet\\__init__.py'>

  File "C:\Users\77285\AppData\Local\Programs\Python\Python312\Lib\site-packages\flet\utils\deprecated.py", line 40, in wrapper
    return func(*args, **kwargs)
           │     │       └ {'target': <function main at 0x0000025108832F20>}
           │     └ ()
           └ <function app at 0x0000025107093060>
  File "C:\Users\77285\AppData\Local\Programs\Python\Python312\Lib\site-packages\flet\app.py", line 43, in app
    return run(*new_args, **kwargs)
           │    │           └ {'target': <function main at 0x0000025108832F20>}
           │    └ [<function main at 0x0000025108832F20>]
           └ <function run at 0x0000025107061300>
  File "C:\Users\77285\AppData\Local\Programs\Python\Python312\Lib\site-packages\flet\app.py", line 96, in run
    return asyncio.run(
           │       └ <function run at 0x0000025105671C60>
           └ <module 'asyncio' from 'C:\\Users\\77285\\AppData\\Local\\Programs\\Python\\Python312\\Lib\\asyncio\\__init__.py'>
  File "C:\Users\77285\AppData\Local\Programs\Python\Python312\Lib\asyncio\runners.py", line 195, in run
    return runner.run(main)
           │      │   └ <coroutine object run_async at 0x00000251087E0D60>
           │      └ <function Runner.run at 0x00000251057098A0>
           └ <asyncio.runners.Runner object at 0x0000025108858EC0>
  File "C:\Users\77285\AppData\Local\Programs\Python\Python312\Lib\asyncio\runners.py", line 118, in run
    return self._loop.run_until_complete(task)
           │    │     │                  └ <Task pending name='Task-1' coro=<run_async() running at C:\Users\77285\AppData\Local\Programs\Python\Python312\Lib\site-pack...
           │    │     └ <function BaseEventLoop.run_until_complete at 0x00000251057034C0>
           │    └ <ProactorEventLoop running=True closed=False debug=False>
           └ <asyncio.runners.Runner object at 0x0000025108858EC0>
  File "C:\Users\77285\AppData\Local\Programs\Python\Python312\Lib\asyncio\base_events.py", line 678, in run_until_complete
    self.run_forever()
    │    └ <function ProactorEventLoop.run_forever at 0x00000251057C7060>
    └ <ProactorEventLoop running=True closed=False debug=False>
  File "C:\Users\77285\AppData\Local\Programs\Python\Python312\Lib\asyncio\windows_events.py", line 322, in run_forever
    super().run_forever()
  File "C:\Users\77285\AppData\Local\Programs\Python\Python312\Lib\asyncio\base_events.py", line 645, in run_forever
    self._run_once()
    │    └ <function BaseEventLoop._run_once at 0x0000025105709260>
    └ <ProactorEventLoop running=True closed=False debug=False>
  File "C:\Users\77285\AppData\Local\Programs\Python\Python312\Lib\asyncio\base_events.py", line 1999, in _run_once
    handle._run()
    │      └ <function Handle._run at 0x000002510564B2E0>
    └ <Handle <_asyncio.TaskStepMethWrapper object at 0x00000251091D6560>()>
  File "C:\Users\77285\AppData\Local\Programs\Python\Python312\Lib\asyncio\events.py", line 88, in _run
    self._context.run(self._callback, *self._args)
    │    │            │    │           │    └ <member '_args' of 'Handle' objects>
    │    │            │    │           └ <Handle <_asyncio.TaskStepMethWrapper object at 0x00000251091D6560>()>
    │    │            │    └ <member '_callback' of 'Handle' objects>
    │    │            └ <Handle <_asyncio.TaskStepMethWrapper object at 0x00000251091D6560>()>
    │    └ <member '_context' of 'Handle' objects>
    └ <Handle <_asyncio.TaskStepMethWrapper object at 0x00000251091D6560>()>

> File "D:\Projects\ContexGo\contexgo\nexus\test_sensor\page.py", line 157, in poll_sensors
    self._sync_sensors(sensors)
    │    │             └ [{'id': 'window_focus', 'name': 'WindowFocusSensor', 'isOn': True}]
    │    └ <function SensorDashboard._sync_sensors at 0x0000025108832D40>
    └ <contexgo.nexus.test_sensor.page.SensorDashboard object at 0x0000025108845FD0>

  File "D:\Projects\ContexGo\contexgo\nexus\test_sensor\page.py", line 221, in _sync_sensors
    switch = SensorSwitch(model, on_toggle=self._handle_toggle)
             │            │                │    └ <function SensorDashboard._handle_toggle at 0x0000025108832C00>
             │            │                └ <contexgo.nexus.test_sensor.page.SensorDashboard object at 0x0000025108845FD0>
             │            └ SensorViewModel(sensor_id='window_focus', name='WindowFocusSensor', is_on=True)
             └ <class 'contexgo.nexus.test_sensor.sensor_switch.SensorSwitch'>

  File "D:\Projects\ContexGo\contexgo\nexus\test_sensor\sensor_switch.py", line 37, in __init__
    border=ft.border.all(1, ft.colors.OUTLINE_VARIANT),
           │  │      │      └ <module 'flet' from 'C:\\Users\\77285\\AppData\\Local\\Programs\\Python\\Python312\\Lib\\site-packages\\flet\\__init__.py'>
           │  │      └ <function all at 0x0000025106E0AFC0>
           │  └ <module 'flet.controls.border' from 'C:\\Users\\77285\\AppData\\Local\\Programs\\Python\\Python312\\Lib\\site-packages\\flet\...
           └ <module 'flet' from 'C:\\Users\\77285\\AppData\\Local\\Programs\\Python\\Python312\\Lib\\site-packages\\flet\\__init__.py'>

AttributeError: module 'flet' has no attribute 'colors'. Did you mean: 'Colors'?
2026-01-01 23:04:17 | INFO     | contexgo.nexus.test_sensor.page:poll_sensors:153 - 轮询传感器状态: 请求开始
2026-01-01 23:04:17 | ERROR    | contexgo.nexus.test_sensor.page:poll_sensors:172 - 轮询失败
Traceback (most recent call last):

  File "<frozen runpy>", line 198, in _run_module_as_main
  File "<frozen runpy>", line 88, in _run_code

  File "D:\Projects\ContexGo\contexgo\nexus\test_sensor\__main__.py", line 8, in <module>
    run()
    └ <function run at 0x000002510393D800>

  File "D:\Projects\ContexGo\contexgo\nexus\test_sensor\app.py", line 18, in run
    ft.app(target=main)
    │  │          └ <function main at 0x0000025108832F20>
    │  └ <function app at 0x00000251070DFB00>
    └ <module 'flet' from 'C:\\Users\\77285\\AppData\\Local\\Programs\\Python\\Python312\\Lib\\site-packages\\flet\\__init__.py'>

  File "C:\Users\77285\AppData\Local\Programs\Python\Python312\Lib\site-packages\flet\utils\deprecated.py", line 40, in wrapper
    return func(*args, **kwargs)
           │     │       └ {'target': <function main at 0x0000025108832F20>}
           │     └ ()
           └ <function app at 0x0000025107093060>
  File "C:\Users\77285\AppData\Local\Programs\Python\Python312\Lib\site-packages\flet\app.py", line 43, in app
    return run(*new_args, **kwargs)
           │    │           └ {'target': <function main at 0x0000025108832F20>}
           │    └ [<function main at 0x0000025108832F20>]
           └ <function run at 0x0000025107061300>
  File "C:\Users\77285\AppData\Local\Programs\Python\Python312\Lib\site-packages\flet\app.py", line 96, in run
    return asyncio.run(
           │       └ <function run at 0x0000025105671C60>
           └ <module 'asyncio' from 'C:\\Users\\77285\\AppData\\Local\\Programs\\Python\\Python312\\Lib\\asyncio\\__init__.py'>
  File "C:\Users\77285\AppData\Local\Programs\Python\Python312\Lib\asyncio\runners.py", line 195, in run
    return runner.run(main)
           │      │   └ <coroutine object run_async at 0x00000251087E0D60>
           │      └ <function Runner.run at 0x00000251057098A0>
           └ <asyncio.runners.Runner object at 0x0000025108858EC0>
  File "C:\Users\77285\AppData\Local\Programs\Python\Python312\Lib\asyncio\runners.py", line 118, in run
    return self._loop.run_until_complete(task)
           │    │     │                  └ <Task pending name='Task-1' coro=<run_async() running at C:\Users\77285\AppData\Local\Programs\Python\Python312\Lib\site-pack...
           │    │     └ <function BaseEventLoop.run_until_complete at 0x00000251057034C0>
           │    └ <ProactorEventLoop running=True closed=False debug=False>
           └ <asyncio.runners.Runner object at 0x0000025108858EC0>
  File "C:\Users\77285\AppData\Local\Programs\Python\Python312\Lib\asyncio\base_events.py", line 678, in run_until_complete
    self.run_forever()
    │    └ <function ProactorEventLoop.run_forever at 0x00000251057C7060>
    └ <ProactorEventLoop running=True closed=False debug=False>
  File "C:\Users\77285\AppData\Local\Programs\Python\Python312\Lib\asyncio\windows_events.py", line 322, in run_forever
    super().run_forever()
  File "C:\Users\77285\AppData\Local\Programs\Python\Python312\Lib\asyncio\base_events.py", line 645, in run_forever
    self._run_once()
    │    └ <function BaseEventLoop._run_once at 0x0000025105709260>
    └ <ProactorEventLoop running=True closed=False debug=False>
  File "C:\Users\77285\AppData\Local\Programs\Python\Python312\Lib\asyncio\base_events.py", line 1999, in _run_once
    handle._run()
    │      └ <function Handle._run at 0x000002510564B2E0>
    └ <Handle <_asyncio.TaskStepMethWrapper object at 0x00000251091D79A0>()>
  File "C:\Users\77285\AppData\Local\Programs\Python\Python312\Lib\asyncio\events.py", line 88, in _run
    self._context.run(self._callback, *self._args)
    │    │            │    │           │    └ <member '_args' of 'Handle' objects>
    │    │            │    │           └ <Handle <_asyncio.TaskStepMethWrapper object at 0x00000251091D79A0>()>
    │    │            │    └ <member '_callback' of 'Handle' objects>
    │    │            └ <Handle <_asyncio.TaskStepMethWrapper object at 0x00000251091D79A0>()>
    │    └ <member '_context' of 'Handle' objects>
    └ <Handle <_asyncio.TaskStepMethWrapper object at 0x00000251091D79A0>()>

> File "D:\Projects\ContexGo\contexgo\nexus\test_sensor\page.py", line 157, in poll_sensors
    self._sync_sensors(sensors)
    │    │             └ [{'id': 'window_focus', 'name': 'WindowFocusSensor', 'isOn': True}]
    │    └ <function SensorDashboard._sync_sensors at 0x0000025108832D40>
    └ <contexgo.nexus.test_sensor.page.SensorDashboard object at 0x0000025108845FD0>

  File "D:\Projects\ContexGo\contexgo\nexus\test_sensor\page.py", line 221, in _sync_sensors
    switch = SensorSwitch(model, on_toggle=self._handle_toggle)
             │            │                │    └ <function SensorDashboard._handle_toggle at 0x0000025108832C00>
             │            │                └ <contexgo.nexus.test_sensor.page.SensorDashboard object at 0x0000025108845FD0>
             │            └ SensorViewModel(sensor_id='window_focus', name='WindowFocusSensor', is_on=True)
             └ <class 'contexgo.nexus.test_sensor.sensor_switch.SensorSwitch'>

  File "D:\Projects\ContexGo\contexgo\nexus\test_sensor\sensor_switch.py", line 37, in __init__
    border=ft.border.all(1, ft.colors.OUTLINE_VARIANT),
           │  │      │      └ <module 'flet' from 'C:\\Users\\77285\\AppData\\Local\\Programs\\Python\\Python312\\Lib\\site-packages\\flet\\__init__.py'>
           │  │      └ <function all at 0x0000025106E0AFC0>
           │  └ <module 'flet.controls.border' from 'C:\\Users\\77285\\AppData\\Local\\Programs\\Python\\Python312\\Lib\\site-packages\\flet\...
           └ <module 'flet' from 'C:\\Users\\77285\\AppData\\Local\\Programs\\Python\\Python312\\Lib\\site-packages\\flet\\__init__.py'>

AttributeError: module 'flet' has no attribute 'colors'. Did you mean: 'Colors'?
2026-01-01 23:04:19 | INFO     | contexgo.nexus.test_sensor.page:poll_sensors:153 - 轮询传感器状态: 请求开始
2026-01-01 23:04:19 | ERROR    | contexgo.nexus.test_sensor.page:poll_sensors:172 - 轮询失败
Traceback (most recent call last):

  File "<frozen runpy>", line 198, in _run_module_as_main
  File "<frozen runpy>", line 88, in _run_code

  File "D:\Projects\ContexGo\contexgo\nexus\test_sensor\__main__.py", line 8, in <module>
    run()
    └ <function run at 0x000002510393D800>

  File "D:\Projects\ContexGo\contexgo\nexus\test_sensor\app.py", line 18, in run
    ft.app(target=main)
    │  │          └ <function main at 0x0000025108832F20>
    │  └ <function app at 0x00000251070DFB00>
    └ <module 'flet' from 'C:\\Users\\77285\\AppData\\Local\\Programs\\Python\\Python312\\Lib\\site-packages\\flet\\__init__.py'>

  File "C:\Users\77285\AppData\Local\Programs\Python\Python312\Lib\site-packages\flet\utils\deprecated.py", line 40, in wrapper
    return func(*args, **kwargs)
           │     │       └ {'target': <function main at 0x0000025108832F20>}
           │     └ ()
           └ <function app at 0x0000025107093060>
  File "C:\Users\77285\AppData\Local\Programs\Python\Python312\Lib\site-packages\flet\app.py", line 43, in app
    return run(*new_args, **kwargs)
           │    │           └ {'target': <function main at 0x0000025108832F20>}
           │    └ [<function main at 0x0000025108832F20>]
           └ <function run at 0x0000025107061300>
  File "C:\Users\77285\AppData\Local\Programs\Python\Python312\Lib\site-packages\flet\app.py", line 96, in run
    return asyncio.run(
           │       └ <function run at 0x0000025105671C60>
           └ <module 'asyncio' from 'C:\\Users\\77285\\AppData\\Local\\Programs\\Python\\Python312\\Lib\\asyncio\\__init__.py'>
  File "C:\Users\77285\AppData\Local\Programs\Python\Python312\Lib\asyncio\runners.py", line 195, in run
    return runner.run(main)
           │      │   └ <coroutine object run_async at 0x00000251087E0D60>
           │      └ <function Runner.run at 0x00000251057098A0>
           └ <asyncio.runners.Runner object at 0x0000025108858EC0>
  File "C:\Users\77285\AppData\Local\Programs\Python\Python312\Lib\asyncio\runners.py", line 118, in run
    return self._loop.run_until_complete(task)
           │    │     │                  └ <Task pending name='Task-1' coro=<run_async() running at C:\Users\77285\AppData\Local\Programs\Python\Python312\Lib\site-pack...
           │    │     └ <function BaseEventLoop.run_until_complete at 0x00000251057034C0>
           │    └ <ProactorEventLoop running=True closed=False debug=False>
           └ <asyncio.runners.Runner object at 0x0000025108858EC0>
  File "C:\Users\77285\AppData\Local\Programs\Python\Python312\Lib\asyncio\base_events.py", line 678, in run_until_complete
    self.run_forever()
    │    └ <function ProactorEventLoop.run_forever at 0x00000251057C7060>
    └ <ProactorEventLoop running=True closed=False debug=False>
  File "C:\Users\77285\AppData\Local\Programs\Python\Python312\Lib\asyncio\windows_events.py", line 322, in run_forever
    super().run_forever()
  File "C:\Users\77285\AppData\Local\Programs\Python\Python312\Lib\asyncio\base_events.py", line 645, in run_forever
    self._run_once()
    │    └ <function BaseEventLoop._run_once at 0x0000025105709260>
    └ <ProactorEventLoop running=True closed=False debug=False>
  File "C:\Users\77285\AppData\Local\Programs\Python\Python312\Lib\asyncio\base_events.py", line 1999, in _run_once
    handle._run()
    │      └ <function Handle._run at 0x000002510564B2E0>
    └ <Handle <_asyncio.TaskStepMethWrapper object at 0x00000251091EA020>()>
  File "C:\Users\77285\AppData\Local\Programs\Python\Python312\Lib\asyncio\events.py", line 88, in _run
    self._context.run(self._callback, *self._args)
    │    │            │    │           │    └ <member '_args' of 'Handle' objects>
    │    │            │    │           └ <Handle <_asyncio.TaskStepMethWrapper object at 0x00000251091EA020>()>
    │    │            │    └ <member '_callback' of 'Handle' objects>
    │    │            └ <Handle <_asyncio.TaskStepMethWrapper object at 0x00000251091EA020>()>
    │    └ <member '_context' of 'Handle' objects>
    └ <Handle <_asyncio.TaskStepMethWrapper object at 0x00000251091EA020>()>

> File "D:\Projects\ContexGo\contexgo\nexus\test_sensor\page.py", line 157, in poll_sensors
    self._sync_sensors(sensors)
    │    │             └ [{'id': 'window_focus', 'name': 'WindowFocusSensor', 'isOn': True}]
    │    └ <function SensorDashboard._sync_sensors at 0x0000025108832D40>
    └ <contexgo.nexus.test_sensor.page.SensorDashboard object at 0x0000025108845FD0>

  File "D:\Projects\ContexGo\contexgo\nexus\test_sensor\page.py", line 221, in _sync_sensors
    switch = SensorSwitch(model, on_toggle=self._handle_toggle)
             │            │                │    └ <function SensorDashboard._handle_toggle at 0x0000025108832C00>
             │            │                └ <contexgo.nexus.test_sensor.page.SensorDashboard object at 0x0000025108845FD0>
             │            └ SensorViewModel(sensor_id='window_focus', name='WindowFocusSensor', is_on=True)
             └ <class 'contexgo.nexus.test_sensor.sensor_switch.SensorSwitch'>

  File "D:\Projects\ContexGo\contexgo\nexus\test_sensor\sensor_switch.py", line 37, in __init__
    border=ft.border.all(1, ft.colors.OUTLINE_VARIANT),
           │  │      │      └ <module 'flet' from 'C:\\Users\\77285\\AppData\\Local\\Programs\\Python\\Python312\\Lib\\site-packages\\flet\\__init__.py'>
           │  │      └ <function all at 0x0000025106E0AFC0>
           │  └ <module 'flet.controls.border' from 'C:\\Users\\77285\\AppData\\Local\\Programs\\Python\\Python312\\Lib\\site-packages\\flet\...
           └ <module 'flet' from 'C:\\Users\\77285\\AppData\\Local\\Programs\\Python\\Python312\\Lib\\site-packages\\flet\\__init__.py'>

AttributeError: module 'flet' has no attribute 'colors'. Did you mean: 'Colors'?
2026-01-01 23:04:20 | INFO     | contexgo.nexus.test_sensor.page:poll_sensors:153 - 轮询传感器状态: 请求开始
2026-01-01 23:04:20 | ERROR    | contexgo.nexus.test_sensor.page:poll_sensors:172 - 轮询失败
Traceback (most recent call last):

  File "<frozen runpy>", line 198, in _run_module_as_main
  File "<frozen runpy>", line 88, in _run_code

  File "D:\Projects\ContexGo\contexgo\nexus\test_sensor\__main__.py", line 8, in <module>
    run()
    └ <function run at 0x000002510393D800>

  File "D:\Projects\ContexGo\contexgo\nexus\test_sensor\app.py", line 18, in run
    ft.app(target=main)
    │  │          └ <function main at 0x0000025108832F20>
    │  └ <function app at 0x00000251070DFB00>
    └ <module 'flet' from 'C:\\Users\\77285\\AppData\\Local\\Programs\\Python\\Python312\\Lib\\site-packages\\flet\\__init__.py'>

  File "C:\Users\77285\AppData\Local\Programs\Python\Python312\Lib\site-packages\flet\utils\deprecated.py", line 40, in wrapper
    return func(*args, **kwargs)
           │     │       └ {'target': <function main at 0x0000025108832F20>}
           │     └ ()
           └ <function app at 0x0000025107093060>
  File "C:\Users\77285\AppData\Local\Programs\Python\Python312\Lib\site-packages\flet\app.py", line 43, in app
    return run(*new_args, **kwargs)
           │    │           └ {'target': <function main at 0x0000025108832F20>}
           │    └ [<function main at 0x0000025108832F20>]
           └ <function run at 0x0000025107061300>
  File "C:\Users\77285\AppData\Local\Programs\Python\Python312\Lib\site-packages\flet\app.py", line 96, in run
    return asyncio.run(
           │       └ <function run at 0x0000025105671C60>
           └ <module 'asyncio' from 'C:\\Users\\77285\\AppData\\Local\\Programs\\Python\\Python312\\Lib\\asyncio\\__init__.py'>
  File "C:\Users\77285\AppData\Local\Programs\Python\Python312\Lib\asyncio\runners.py", line 195, in run
    return runner.run(main)
           │      │   └ <coroutine object run_async at 0x00000251087E0D60>
           │      └ <function Runner.run at 0x00000251057098A0>
           └ <asyncio.runners.Runner object at 0x0000025108858EC0>
  File "C:\Users\77285\AppData\Local\Programs\Python\Python312\Lib\asyncio\runners.py", line 118, in run
    return self._loop.run_until_complete(task)
           │    │     │                  └ <Task pending name='Task-1' coro=<run_async() running at C:\Users\77285\AppData\Local\Programs\Python\Python312\Lib\site-pack...
           │    │     └ <function BaseEventLoop.run_until_complete at 0x00000251057034C0>
           │    └ <ProactorEventLoop running=True closed=False debug=False>
           └ <asyncio.runners.Runner object at 0x0000025108858EC0>
  File "C:\Users\77285\AppData\Local\Programs\Python\Python312\Lib\asyncio\base_events.py", line 678, in run_until_complete
    self.run_forever()
    │    └ <function ProactorEventLoop.run_forever at 0x00000251057C7060>
    └ <ProactorEventLoop running=True closed=False debug=False>
  File "C:\Users\77285\AppData\Local\Programs\Python\Python312\Lib\asyncio\windows_events.py", line 322, in run_forever
    super().run_forever()
  File "C:\Users\77285\AppData\Local\Programs\Python\Python312\Lib\asyncio\base_events.py", line 645, in run_forever
    self._run_once()
    │    └ <function BaseEventLoop._run_once at 0x0000025105709260>
    └ <ProactorEventLoop running=True closed=False debug=False>
  File "C:\Users\77285\AppData\Local\Programs\Python\Python312\Lib\asyncio\base_events.py", line 1999, in _run_once
    handle._run()
    │      └ <function Handle._run at 0x000002510564B2E0>
    └ <Handle <_asyncio.TaskStepMethWrapper object at 0x00000251091E8FA0>()>
  File "C:\Users\77285\AppData\Local\Programs\Python\Python312\Lib\asyncio\events.py", line 88, in _run
    self._context.run(self._callback, *self._args)
    │    │            │    │           │    └ <member '_args' of 'Handle' objects>
    │    │            │    │           └ <Handle <_asyncio.TaskStepMethWrapper object at 0x00000251091E8FA0>()>
    │    │            │    └ <member '_callback' of 'Handle' objects>
    │    │            └ <Handle <_asyncio.TaskStepMethWrapper object at 0x00000251091E8FA0>()>
    │    └ <member '_context' of 'Handle' objects>
    └ <Handle <_asyncio.TaskStepMethWrapper object at 0x00000251091E8FA0>()>

> File "D:\Projects\ContexGo\contexgo\nexus\test_sensor\page.py", line 157, in poll_sensors
    self._sync_sensors(sensors)
    │    │             └ [{'id': 'window_focus', 'name': 'WindowFocusSensor', 'isOn': True}]
    │    └ <function SensorDashboard._sync_sensors at 0x0000025108832D40>
    └ <contexgo.nexus.test_sensor.page.SensorDashboard object at 0x0000025108845FD0>

  File "D:\Projects\ContexGo\contexgo\nexus\test_sensor\page.py", line 221, in _sync_sensors
    switch = SensorSwitch(model, on_toggle=self._handle_toggle)
             │            │                │    └ <function SensorDashboard._handle_toggle at 0x0000025108832C00>
             │            │                └ <contexgo.nexus.test_sensor.page.SensorDashboard object at 0x0000025108845FD0>
             │            └ SensorViewModel(sensor_id='window_focus', name='WindowFocusSensor', is_on=True)
             └ <class 'contexgo.nexus.test_sensor.sensor_switch.SensorSwitch'>

  File "D:\Projects\ContexGo\contexgo\nexus\test_sensor\sensor_switch.py", line 37, in __init__
    border=ft.border.all(1, ft.colors.OUTLINE_VARIANT),
           │  │      │      └ <module 'flet' from 'C:\\Users\\77285\\AppData\\Local\\Programs\\Python\\Python312\\Lib\\site-packages\\flet\\__init__.py'>
           │  │      └ <function all at 0x0000025106E0AFC0>
           │  └ <module 'flet.controls.border' from 'C:\\Users\\77285\\AppData\\Local\\Programs\\Python\\Python312\\Lib\\site-packages\\flet\...
           └ <module 'flet' from 'C:\\Users\\77285\\AppData\\Local\\Programs\\Python\\Python312\\Lib\\site-packages\\flet\\__init__.py'>

AttributeError: module 'flet' has no attribute 'colors'. Did you mean: 'Colors'?
2026-01-01 23:04:21 | INFO     | contexgo.nexus.test_sensor.page:poll_sensors:153 - 轮询传感器状态: 请求开始
2026-01-01 23:04:21 | ERROR    | contexgo.nexus.test_sensor.page:poll_sensors:172 - 轮询失败
Traceback (most recent call last):

  File "<frozen runpy>", line 198, in _run_module_as_main
  File "<frozen runpy>", line 88, in _run_code

  File "D:\Projects\ContexGo\contexgo\nexus\test_sensor\__main__.py", line 8, in <module>
    run()
    └ <function run at 0x000002510393D800>

  File "D:\Projects\ContexGo\contexgo\nexus\test_sensor\app.py", line 18, in run
    ft.app(target=main)
    │  │          └ <function main at 0x0000025108832F20>
    │  └ <function app at 0x00000251070DFB00>
    └ <module 'flet' from 'C:\\Users\\77285\\AppData\\Local\\Programs\\Python\\Python312\\Lib\\site-packages\\flet\\__init__.py'>

  File "C:\Users\77285\AppData\Local\Programs\Python\Python312\Lib\site-packages\flet\utils\deprecated.py", line 40, in wrapper
    return func(*args, **kwargs)
           │     │       └ {'target': <function main at 0x0000025108832F20>}
           │     └ ()
           └ <function app at 0x0000025107093060>
  File "C:\Users\77285\AppData\Local\Programs\Python\Python312\Lib\site-packages\flet\app.py", line 43, in app
    return run(*new_args, **kwargs)
           │    │           └ {'target': <function main at 0x0000025108832F20>}
           │    └ [<function main at 0x0000025108832F20>]
           └ <function run at 0x0000025107061300>
  File "C:\Users\77285\AppData\Local\Programs\Python\Python312\Lib\site-packages\flet\app.py", line 96, in run
    return asyncio.run(
           │       └ <function run at 0x0000025105671C60>
           └ <module 'asyncio' from 'C:\\Users\\77285\\AppData\\Local\\Programs\\Python\\Python312\\Lib\\asyncio\\__init__.py'>
  File "C:\Users\77285\AppData\Local\Programs\Python\Python312\Lib\asyncio\runners.py", line 195, in run
    return runner.run(main)
           │      │   └ <coroutine object run_async at 0x00000251087E0D60>
           │      └ <function Runner.run at 0x00000251057098A0>
           └ <asyncio.runners.Runner object at 0x0000025108858EC0>
  File "C:\Users\77285\AppData\Local\Programs\Python\Python312\Lib\asyncio\runners.py", line 118, in run
    return self._loop.run_until_complete(task)
           │    │     │                  └ <Task pending name='Task-1' coro=<run_async() running at C:\Users\77285\AppData\Local\Programs\Python\Python312\Lib\site-pack...
           │    │     └ <function BaseEventLoop.run_until_complete at 0x00000251057034C0>
           │    └ <ProactorEventLoop running=True closed=False debug=False>
           └ <asyncio.runners.Runner object at 0x0000025108858EC0>
  File "C:\Users\77285\AppData\Local\Programs\Python\Python312\Lib\asyncio\base_events.py", line 678, in run_until_complete
    self.run_forever()
    │    └ <function ProactorEventLoop.run_forever at 0x00000251057C7060>
    └ <ProactorEventLoop running=True closed=False debug=False>
  File "C:\Users\77285\AppData\Local\Programs\Python\Python312\Lib\asyncio\windows_events.py", line 322, in run_forever
    super().run_forever()
  File "C:\Users\77285\AppData\Local\Programs\Python\Python312\Lib\asyncio\base_events.py", line 645, in run_forever
    self._run_once()
    │    └ <function BaseEventLoop._run_once at 0x0000025105709260>
    └ <ProactorEventLoop running=True closed=False debug=False>
  File "C:\Users\77285\AppData\Local\Programs\Python\Python312\Lib\asyncio\base_events.py", line 1999, in _run_once
    handle._run()
    │      └ <function Handle._run at 0x000002510564B2E0>
    └ <Handle <_asyncio.TaskStepMethWrapper object at 0x00000251091E8100>()>
  File "C:\Users\77285\AppData\Local\Programs\Python\Python312\Lib\asyncio\events.py", line 88, in _run
    self._context.run(self._callback, *self._args)
    │    │            │    │           │    └ <member '_args' of 'Handle' objects>
    │    │            │    │           └ <Handle <_asyncio.TaskStepMethWrapper object at 0x00000251091E8100>()>
    │    │            │    └ <member '_callback' of 'Handle' objects>
    │    │            └ <Handle <_asyncio.TaskStepMethWrapper object at 0x00000251091E8100>()>
    │    └ <member '_context' of 'Handle' objects>
    └ <Handle <_asyncio.TaskStepMethWrapper object at 0x00000251091E8100>()>

> File "D:\Projects\ContexGo\contexgo\nexus\test_sensor\page.py", line 157, in poll_sensors
    self._sync_sensors(sensors)
    │    │             └ [{'id': 'window_focus', 'name': 'WindowFocusSensor', 'isOn': True}]
    │    └ <function SensorDashboard._sync_sensors at 0x0000025108832D40>
    └ <contexgo.nexus.test_sensor.page.SensorDashboard object at 0x0000025108845FD0>

  File "D:\Projects\ContexGo\contexgo\nexus\test_sensor\page.py", line 221, in _sync_sensors
    switch = SensorSwitch(model, on_toggle=self._handle_toggle)
             │            │                │    └ <function SensorDashboard._handle_toggle at 0x0000025108832C00>
             │            │                └ <contexgo.nexus.test_sensor.page.SensorDashboard object at 0x0000025108845FD0>
             │            └ SensorViewModel(sensor_id='window_focus', name='WindowFocusSensor', is_on=True)
             └ <class 'contexgo.nexus.test_sensor.sensor_switch.SensorSwitch'>

  File "D:\Projects\ContexGo\contexgo\nexus\test_sensor\sensor_switch.py", line 37, in __init__
    border=ft.border.all(1, ft.colors.OUTLINE_VARIANT),
           │  │      │      └ <module 'flet' from 'C:\\Users\\77285\\AppData\\Local\\Programs\\Python\\Python312\\Lib\\site-packages\\flet\\__init__.py'>
           │  │      └ <function all at 0x0000025106E0AFC0>
           │  └ <module 'flet.controls.border' from 'C:\\Users\\77285\\AppData\\Local\\Programs\\Python\\Python312\\Lib\\site-packages\\flet\...
           └ <module 'flet' from 'C:\\Users\\77285\\AppData\\Local\\Programs\\Python\\Python312\\Lib\\site-packages\\flet\\__init__.py'>

AttributeError: module 'flet' has no attribute 'colors'. Did you mean: 'Colors'?
2026-01-01 23:04:22 | INFO     | contexgo.nexus.test_sensor.page:poll_sensors:153 - 轮询传感器状态: 请求开始
2026-01-01 23:04:22 | ERROR    | contexgo.nexus.test_sensor.page:poll_sensors:172 - 轮询失败
Traceback (most recent call last):

  File "<frozen runpy>", line 198, in _run_module_as_main
  File "<frozen runpy>", line 88, in _run_code

  File "D:\Projects\ContexGo\contexgo\nexus\test_sensor\__main__.py", line 8, in <module>
    run()
    └ <function run at 0x000002510393D800>

  File "D:\Projects\ContexGo\contexgo\nexus\test_sensor\app.py", line 18, in run
    ft.app(target=main)
    │  │          └ <function main at 0x0000025108832F20>
    │  └ <function app at 0x00000251070DFB00>
    └ <module 'flet' from 'C:\\Users\\77285\\AppData\\Local\\Programs\\Python\\Python312\\Lib\\site-packages\\flet\\__init__.py'>

  File "C:\Users\77285\AppData\Local\Programs\Python\Python312\Lib\site-packages\flet\utils\deprecated.py", line 40, in wrapper
    return func(*args, **kwargs)
           │     │       └ {'target': <function main at 0x0000025108832F20>}
           │     └ ()
           └ <function app at 0x0000025107093060>
  File "C:\Users\77285\AppData\Local\Programs\Python\Python312\Lib\site-packages\flet\app.py", line 43, in app
    return run(*new_args, **kwargs)
           │    │           └ {'target': <function main at 0x0000025108832F20>}
           │    └ [<function main at 0x0000025108832F20>]
           └ <function run at 0x0000025107061300>
  File "C:\Users\77285\AppData\Local\Programs\Python\Python312\Lib\site-packages\flet\app.py", line 96, in run
    return asyncio.run(
           │       └ <function run at 0x0000025105671C60>
           └ <module 'asyncio' from 'C:\\Users\\77285\\AppData\\Local\\Programs\\Python\\Python312\\Lib\\asyncio\\__init__.py'>
  File "C:\Users\77285\AppData\Local\Programs\Python\Python312\Lib\asyncio\runners.py", line 195, in run
    return runner.run(main)
           │      │   └ <coroutine object run_async at 0x00000251087E0D60>
           │      └ <function Runner.run at 0x00000251057098A0>
           └ <asyncio.runners.Runner object at 0x0000025108858EC0>
  File "C:\Users\77285\AppData\Local\Programs\Python\Python312\Lib\asyncio\runners.py", line 118, in run
    return self._loop.run_until_complete(task)
           │    │     │                  └ <Task pending name='Task-1' coro=<run_async() running at C:\Users\77285\AppData\Local\Programs\Python\Python312\Lib\site-pack...
           │    │     └ <function BaseEventLoop.run_until_complete at 0x00000251057034C0>
           │    └ <ProactorEventLoop running=True closed=False debug=False>
           └ <asyncio.runners.Runner object at 0x0000025108858EC0>
  File "C:\Users\77285\AppData\Local\Programs\Python\Python312\Lib\asyncio\base_events.py", line 678, in run_until_complete
    self.run_forever()
    │    └ <function ProactorEventLoop.run_forever at 0x00000251057C7060>
    └ <ProactorEventLoop running=True closed=False debug=False>
  File "C:\Users\77285\AppData\Local\Programs\Python\Python312\Lib\asyncio\windows_events.py", line 322, in run_forever
    super().run_forever()
  File "C:\Users\77285\AppData\Local\Programs\Python\Python312\Lib\asyncio\base_events.py", line 645, in run_forever
    self._run_once()
    │    └ <function BaseEventLoop._run_once at 0x0000025105709260>
    └ <ProactorEventLoop running=True closed=False debug=False>
  File "C:\Users\77285\AppData\Local\Programs\Python\Python312\Lib\asyncio\base_events.py", line 1999, in _run_once
    handle._run()
    │      └ <function Handle._run at 0x000002510564B2E0>
    └ <Handle <_asyncio.TaskStepMethWrapper object at 0x00000251091D4EE0>()>
  File "C:\Users\77285\AppData\Local\Programs\Python\Python312\Lib\asyncio\events.py", line 88, in _run
    self._context.run(self._callback, *self._args)
    │    │            │    │           │    └ <member '_args' of 'Handle' objects>
    │    │            │    │           └ <Handle <_asyncio.TaskStepMethWrapper object at 0x00000251091D4EE0>()>
    │    │            │    └ <member '_callback' of 'Handle' objects>
    │    │            └ <Handle <_asyncio.TaskStepMethWrapper object at 0x00000251091D4EE0>()>
    │    └ <member '_context' of 'Handle' objects>
    └ <Handle <_asyncio.TaskStepMethWrapper object at 0x00000251091D4EE0>()>

> File "D:\Projects\ContexGo\contexgo\nexus\test_sensor\page.py", line 157, in poll_sensors
    self._sync_sensors(sensors)
    │    │             └ [{'id': 'window_focus', 'name': 'WindowFocusSensor', 'isOn': True}]
    │    └ <function SensorDashboard._sync_sensors at 0x0000025108832D40>
    └ <contexgo.nexus.test_sensor.page.SensorDashboard object at 0x0000025108845FD0>

  File "D:\Projects\ContexGo\contexgo\nexus\test_sensor\page.py", line 221, in _sync_sensors
    switch = SensorSwitch(model, on_toggle=self._handle_toggle)
             │            │                │    └ <function SensorDashboard._handle_toggle at 0x0000025108832C00>
             │            │                └ <contexgo.nexus.test_sensor.page.SensorDashboard object at 0x0000025108845FD0>
             │            └ SensorViewModel(sensor_id='window_focus', name='WindowFocusSensor', is_on=True)
             └ <class 'contexgo.nexus.test_sensor.sensor_switch.SensorSwitch'>

  File "D:\Projects\ContexGo\contexgo\nexus\test_sensor\sensor_switch.py", line 37, in __init__
    border=ft.border.all(1, ft.colors.OUTLINE_VARIANT),
           │  │      │      └ <module 'flet' from 'C:\\Users\\77285\\AppData\\Local\\Programs\\Python\\Python312\\Lib\\site-packages\\flet\\__init__.py'>
           │  │      └ <function all at 0x0000025106E0AFC0>
           │  └ <module 'flet.controls.border' from 'C:\\Users\\77285\\AppData\\Local\\Programs\\Python\\Python312\\Lib\\site-packages\\flet\...
           └ <module 'flet' from 'C:\\Users\\77285\\AppData\\Local\\Programs\\Python\\Python312\\Lib\\site-packages\\flet\\__init__.py'>

AttributeError: module 'flet' has no attribute 'colors'. Did you mean: 'Colors'?
2026-01-01 23:04:23 | INFO     | contexgo.nexus.test_sensor.page:poll_sensors:153 - 轮询传感器状态: 请求开始
2026-01-01 23:04:23 | ERROR    | contexgo.nexus.test_sensor.page:poll_sensors:172 - 轮询失败
Traceback (most recent call last):

  File "<frozen runpy>", line 198, in _run_module_as_main
  File "<frozen runpy>", line 88, in _run_code

  File "D:\Projects\ContexGo\contexgo\nexus\test_sensor\__main__.py", line 8, in <module>
    run()
    └ <function run at 0x000002510393D800>

  File "D:\Projects\ContexGo\contexgo\nexus\test_sensor\app.py", line 18, in run
    ft.app(target=main)
    │  │          └ <function main at 0x0000025108832F20>
    │  └ <function app at 0x00000251070DFB00>
    └ <module 'flet' from 'C:\\Users\\77285\\AppData\\Local\\Programs\\Python\\Python312\\Lib\\site-packages\\flet\\__init__.py'>

  File "C:\Users\77285\AppData\Local\Programs\Python\Python312\Lib\site-packages\flet\utils\deprecated.py", line 40, in wrapper
    return func(*args, **kwargs)
           │     │       └ {'target': <function main at 0x0000025108832F20>}
           │     └ ()
           └ <function app at 0x0000025107093060>
  File "C:\Users\77285\AppData\Local\Programs\Python\Python312\Lib\site-packages\flet\app.py", line 43, in app
    return run(*new_args, **kwargs)
           │    │           └ {'target': <function main at 0x0000025108832F20>}
           │    └ [<function main at 0x0000025108832F20>]
           └ <function run at 0x0000025107061300>
  File "C:\Users\77285\AppData\Local\Programs\Python\Python312\Lib\site-packages\flet\app.py", line 96, in run
    return asyncio.run(
           │       └ <function run at 0x0000025105671C60>
           └ <module 'asyncio' from 'C:\\Users\\77285\\AppData\\Local\\Programs\\Python\\Python312\\Lib\\asyncio\\__init__.py'>
  File "C:\Users\77285\AppData\Local\Programs\Python\Python312\Lib\asyncio\runners.py", line 195, in run
    return runner.run(main)
           │      │   └ <coroutine object run_async at 0x00000251087E0D60>
           │      └ <function Runner.run at 0x00000251057098A0>
           └ <asyncio.runners.Runner object at 0x0000025108858EC0>
  File "C:\Users\77285\AppData\Local\Programs\Python\Python312\Lib\asyncio\runners.py", line 118, in run
    return self._loop.run_until_complete(task)
           │    │     │                  └ <Task pending name='Task-1' coro=<run_async() running at C:\Users\77285\AppData\Local\Programs\Python\Python312\Lib\site-pack...
           │    │     └ <function BaseEventLoop.run_until_complete at 0x00000251057034C0>
           │    └ <ProactorEventLoop running=True closed=False debug=False>
           └ <asyncio.runners.Runner object at 0x0000025108858EC0>
  File "C:\Users\77285\AppData\Local\Programs\Python\Python312\Lib\asyncio\base_events.py", line 678, in run_until_complete
    self.run_forever()
    │    └ <function ProactorEventLoop.run_forever at 0x00000251057C7060>
    └ <ProactorEventLoop running=True closed=False debug=False>
  File "C:\Users\77285\AppData\Local\Programs\Python\Python312\Lib\asyncio\windows_events.py", line 322, in run_forever
    super().run_forever()
  File "C:\Users\77285\AppData\Local\Programs\Python\Python312\Lib\asyncio\base_events.py", line 645, in run_forever
    self._run_once()
    │    └ <function BaseEventLoop._run_once at 0x0000025105709260>
    └ <ProactorEventLoop running=True closed=False debug=False>
  File "C:\Users\77285\AppData\Local\Programs\Python\Python312\Lib\asyncio\base_events.py", line 1999, in _run_once
    handle._run()
    │      └ <function Handle._run at 0x000002510564B2E0>
    └ <Handle <_asyncio.TaskStepMethWrapper object at 0x00000251091D57E0>()>
  File "C:\Users\77285\AppData\Local\Programs\Python\Python312\Lib\asyncio\events.py", line 88, in _run
    self._context.run(self._callback, *self._args)
    │    │            │    │           │    └ <member '_args' of 'Handle' objects>
    │    │            │    │           └ <Handle <_asyncio.TaskStepMethWrapper object at 0x00000251091D57E0>()>
    │    │            │    └ <member '_callback' of 'Handle' objects>
    │    │            └ <Handle <_asyncio.TaskStepMethWrapper object at 0x00000251091D57E0>()>
    │    └ <member '_context' of 'Handle' objects>
    └ <Handle <_asyncio.TaskStepMethWrapper object at 0x00000251091D57E0>()>

> File "D:\Projects\ContexGo\contexgo\nexus\test_sensor\page.py", line 157, in poll_sensors
    self._sync_sensors(sensors)
    │    │             └ [{'id': 'window_focus', 'name': 'WindowFocusSensor', 'isOn': True}]
    │    └ <function SensorDashboard._sync_sensors at 0x0000025108832D40>
    └ <contexgo.nexus.test_sensor.page.SensorDashboard object at 0x0000025108845FD0>

  File "D:\Projects\ContexGo\contexgo\nexus\test_sensor\page.py", line 221, in _sync_sensors
    switch = SensorSwitch(model, on_toggle=self._handle_toggle)
             │            │                │    └ <function SensorDashboard._handle_toggle at 0x0000025108832C00>
             │            │                └ <contexgo.nexus.test_sensor.page.SensorDashboard object at 0x0000025108845FD0>
             │            └ SensorViewModel(sensor_id='window_focus', name='WindowFocusSensor', is_on=True)
             └ <class 'contexgo.nexus.test_sensor.sensor_switch.SensorSwitch'>

  File "D:\Projects\ContexGo\contexgo\nexus\test_sensor\sensor_switch.py", line 37, in __init__
    border=ft.border.all(1, ft.colors.OUTLINE_VARIANT),
           │  │      │      └ <module 'flet' from 'C:\\Users\\77285\\AppData\\Local\\Programs\\Python\\Python312\\Lib\\site-packages\\flet\\__init__.py'>
           │  │      └ <function all at 0x0000025106E0AFC0>
           │  └ <module 'flet.controls.border' from 'C:\\Users\\77285\\AppData\\Local\\Programs\\Python\\Python312\\Lib\\site-packages\\flet\...
           └ <module 'flet' from 'C:\\Users\\77285\\AppData\\Local\\Programs\\Python\\Python312\\Lib\\site-packages\\flet\\__init__.py'>

AttributeError: module 'flet' has no attribute 'colors'. Did you mean: 'Colors'?
2026-01-01 23:04:24 | INFO     | contexgo.nexus.test_sensor.page:poll_sensors:153 - 轮询传感器状态: 请求开始
2026-01-01 23:04:24 | ERROR    | contexgo.nexus.test_sensor.page:poll_sensors:172 - 轮询失败
Traceback (most recent call last):

  File "<frozen runpy>", line 198, in _run_module_as_main
  File "<frozen runpy>", line 88, in _run_code

  File "D:\Projects\ContexGo\contexgo\nexus\test_sensor\__main__.py", line 8, in <module>
    run()
    └ <function run at 0x000002510393D800>

  File "D:\Projects\ContexGo\contexgo\nexus\test_sensor\app.py", line 18, in run
    ft.app(target=main)
    │  │          └ <function main at 0x0000025108832F20>
    │  └ <function app at 0x00000251070DFB00>
    └ <module 'flet' from 'C:\\Users\\77285\\AppData\\Local\\Programs\\Python\\Python312\\Lib\\site-packages\\flet\\__init__.py'>

  File "C:\Users\77285\AppData\Local\Programs\Python\Python312\Lib\site-packages\flet\utils\deprecated.py", line 40, in wrapper
    return func(*args, **kwargs)
           │     │       └ {'target': <function main at 0x0000025108832F20>}
           │     └ ()
           └ <function app at 0x0000025107093060>
  File "C:\Users\77285\AppData\Local\Programs\Python\Python312\Lib\site-packages\flet\app.py", line 43, in app
    return run(*new_args, **kwargs)
           │    │           └ {'target': <function main at 0x0000025108832F20>}
           │    └ [<function main at 0x0000025108832F20>]
           └ <function run at 0x0000025107061300>
  File "C:\Users\77285\AppData\Local\Programs\Python\Python312\Lib\site-packages\flet\app.py", line 96, in run
    return asyncio.run(
           │       └ <function run at 0x0000025105671C60>
           └ <module 'asyncio' from 'C:\\Users\\77285\\AppData\\Local\\Programs\\Python\\Python312\\Lib\\asyncio\\__init__.py'>
  File "C:\Users\77285\AppData\Local\Programs\Python\Python312\Lib\asyncio\runners.py", line 195, in run
    return runner.run(main)
           │      │   └ <coroutine object run_async at 0x00000251087E0D60>
           │      └ <function Runner.run at 0x00000251057098A0>
           └ <asyncio.runners.Runner object at 0x0000025108858EC0>
  File "C:\Users\77285\AppData\Local\Programs\Python\Python312\Lib\asyncio\runners.py", line 118, in run
    return self._loop.run_until_complete(task)
           │    │     │                  └ <Task pending name='Task-1' coro=<run_async() running at C:\Users\77285\AppData\Local\Programs\Python\Python312\Lib\site-pack...
           │    │     └ <function BaseEventLoop.run_until_complete at 0x00000251057034C0>
           │    └ <ProactorEventLoop running=True closed=False debug=False>
           └ <asyncio.runners.Runner object at 0x0000025108858EC0>
  File "C:\Users\77285\AppData\Local\Programs\Python\Python312\Lib\asyncio\base_events.py", line 678, in run_until_complete
    self.run_forever()
    │    └ <function ProactorEventLoop.run_forever at 0x00000251057C7060>
    └ <ProactorEventLoop running=True closed=False debug=False>
  File "C:\Users\77285\AppData\Local\Programs\Python\Python312\Lib\asyncio\windows_events.py", line 322, in run_forever
    super().run_forever()
  File "C:\Users\77285\AppData\Local\Programs\Python\Python312\Lib\asyncio\base_events.py", line 645, in run_forever
    self._run_once()
    │    └ <function BaseEventLoop._run_once at 0x0000025105709260>
    └ <ProactorEventLoop running=True closed=False debug=False>
  File "C:\Users\77285\AppData\Local\Programs\Python\Python312\Lib\asyncio\base_events.py", line 1999, in _run_once
    handle._run()
    │      └ <function Handle._run at 0x000002510564B2E0>
    └ <Handle <_asyncio.TaskStepMethWrapper object at 0x00000251091D5C00>()>
  File "C:\Users\77285\AppData\Local\Programs\Python\Python312\Lib\asyncio\events.py", line 88, in _run
    self._context.run(self._callback, *self._args)
    │    │            │    │           │    └ <member '_args' of 'Handle' objects>
    │    │            │    │           └ <Handle <_asyncio.TaskStepMethWrapper object at 0x00000251091D5C00>()>
    │    │            │    └ <member '_callback' of 'Handle' objects>
    │    │            └ <Handle <_asyncio.TaskStepMethWrapper object at 0x00000251091D5C00>()>
    │    └ <member '_context' of 'Handle' objects>
    └ <Handle <_asyncio.TaskStepMethWrapper object at 0x00000251091D5C00>()>

> File "D:\Projects\ContexGo\contexgo\nexus\test_sensor\page.py", line 157, in poll_sensors
    self._sync_sensors(sensors)
    │    │             └ [{'id': 'window_focus', 'name': 'WindowFocusSensor', 'isOn': True}]
    │    └ <function SensorDashboard._sync_sensors at 0x0000025108832D40>
    └ <contexgo.nexus.test_sensor.page.SensorDashboard object at 0x0000025108845FD0>

  File "D:\Projects\ContexGo\contexgo\nexus\test_sensor\page.py", line 221, in _sync_sensors
    switch = SensorSwitch(model, on_toggle=self._handle_toggle)
             │            │                │    └ <function SensorDashboard._handle_toggle at 0x0000025108832C00>
             │            │                └ <contexgo.nexus.test_sensor.page.SensorDashboard object at 0x0000025108845FD0>
             │            └ SensorViewModel(sensor_id='window_focus', name='WindowFocusSensor', is_on=True)
             └ <class 'contexgo.nexus.test_sensor.sensor_switch.SensorSwitch'>

  File "D:\Projects\ContexGo\contexgo\nexus\test_sensor\sensor_switch.py", line 37, in __init__
    border=ft.border.all(1, ft.colors.OUTLINE_VARIANT),
           │  │      │      └ <module 'flet' from 'C:\\Users\\77285\\AppData\\Local\\Programs\\Python\\Python312\\Lib\\site-packages\\flet\\__init__.py'>
           │  │      └ <function all at 0x0000025106E0AFC0>
           │  └ <module 'flet.controls.border' from 'C:\\Users\\77285\\AppData\\Local\\Programs\\Python\\Python312\\Lib\\site-packages\\flet\...
           └ <module 'flet' from 'C:\\Users\\77285\\AppData\\Local\\Programs\\Python\\Python312\\Lib\\site-packages\\flet\\__init__.py'>

AttributeError: module 'flet' has no attribute 'colors'. Did you mean: 'Colors'?
2026-01-01 23:04:25 | INFO     | contexgo.nexus.test_sensor.page:poll_sensors:153 - 轮询传感器状态: 请求开始
2026-01-01 23:04:25 | ERROR    | contexgo.nexus.test_sensor.page:poll_sensors:172 - 轮询失败
Traceback (most recent call last):

  File "<frozen runpy>", line 198, in _run_module_as_main
  File "<frozen runpy>", line 88, in _run_code

  File "D:\Projects\ContexGo\contexgo\nexus\test_sensor\__main__.py", line 8, in <module>
    run()
    └ <function run at 0x000002510393D800>

  File "D:\Projects\ContexGo\contexgo\nexus\test_sensor\app.py", line 18, in run
    ft.app(target=main)
    │  │          └ <function main at 0x0000025108832F20>
    │  └ <function app at 0x00000251070DFB00>
    └ <module 'flet' from 'C:\\Users\\77285\\AppData\\Local\\Programs\\Python\\Python312\\Lib\\site-packages\\flet\\__init__.py'>

  File "C:\Users\77285\AppData\Local\Programs\Python\Python312\Lib\site-packages\flet\utils\deprecated.py", line 40, in wrapper
    return func(*args, **kwargs)
           │     │       └ {'target': <function main at 0x0000025108832F20>}
           │     └ ()
           └ <function app at 0x0000025107093060>
  File "C:\Users\77285\AppData\Local\Programs\Python\Python312\Lib\site-packages\flet\app.py", line 43, in app
    return run(*new_args, **kwargs)
           │    │           └ {'target': <function main at 0x0000025108832F20>}
           │    └ [<function main at 0x0000025108832F20>]
           └ <function run at 0x0000025107061300>
  File "C:\Users\77285\AppData\Local\Programs\Python\Python312\Lib\site-packages\flet\app.py", line 96, in run
    return asyncio.run(
           │       └ <function run at 0x0000025105671C60>
           └ <module 'asyncio' from 'C:\\Users\\77285\\AppData\\Local\\Programs\\Python\\Python312\\Lib\\asyncio\\__init__.py'>
  File "C:\Users\77285\AppData\Local\Programs\Python\Python312\Lib\asyncio\runners.py", line 195, in run
    return runner.run(main)
           │      │   └ <coroutine object run_async at 0x00000251087E0D60>
           │      └ <function Runner.run at 0x00000251057098A0>
           └ <asyncio.runners.Runner object at 0x0000025108858EC0>
  File "C:\Users\77285\AppData\Local\Programs\Python\Python312\Lib\asyncio\runners.py", line 118, in run
    return self._loop.run_until_complete(task)
           │    │     │                  └ <Task pending name='Task-1' coro=<run_async() running at C:\Users\77285\AppData\Local\Programs\Python\Python312\Lib\site-pack...
           │    │     └ <function BaseEventLoop.run_until_complete at 0x00000251057034C0>
           │    └ <ProactorEventLoop running=True closed=False debug=False>
           └ <asyncio.runners.Runner object at 0x0000025108858EC0>
  File "C:\Users\77285\AppData\Local\Programs\Python\Python312\Lib\asyncio\base_events.py", line 678, in run_until_complete
    self.run_forever()
    │    └ <function ProactorEventLoop.run_forever at 0x00000251057C7060>
    └ <ProactorEventLoop running=True closed=False debug=False>
  File "C:\Users\77285\AppData\Local\Programs\Python\Python312\Lib\asyncio\windows_events.py", line 322, in run_forever
    super().run_forever()
  File "C:\Users\77285\AppData\Local\Programs\Python\Python312\Lib\asyncio\base_events.py", line 645, in run_forever
    self._run_once()
    │    └ <function BaseEventLoop._run_once at 0x0000025105709260>
    └ <ProactorEventLoop running=True closed=False debug=False>
  File "C:\Users\77285\AppData\Local\Programs\Python\Python312\Lib\asyncio\base_events.py", line 1999, in _run_once
    handle._run()
    │      └ <function Handle._run at 0x000002510564B2E0>
    └ <Handle <_asyncio.TaskStepMethWrapper object at 0x00000251091D5DB0>()>
  File "C:\Users\77285\AppData\Local\Programs\Python\Python312\Lib\asyncio\events.py", line 88, in _run
    self._context.run(self._callback, *self._args)
    │    │            │    │           │    └ <member '_args' of 'Handle' objects>
    │    │            │    │           └ <Handle <_asyncio.TaskStepMethWrapper object at 0x00000251091D5DB0>()>
    │    │            │    └ <member '_callback' of 'Handle' objects>
    │    │            └ <Handle <_asyncio.TaskStepMethWrapper object at 0x00000251091D5DB0>()>
    │    └ <member '_context' of 'Handle' objects>
    └ <Handle <_asyncio.TaskStepMethWrapper object at 0x00000251091D5DB0>()>

> File "D:\Projects\ContexGo\contexgo\nexus\test_sensor\page.py", line 157, in poll_sensors
    self._sync_sensors(sensors)
    │    │             └ [{'id': 'window_focus', 'name': 'WindowFocusSensor', 'isOn': True}]
    │    └ <function SensorDashboard._sync_sensors at 0x0000025108832D40>
    └ <contexgo.nexus.test_sensor.page.SensorDashboard object at 0x0000025108845FD0>

  File "D:\Projects\ContexGo\contexgo\nexus\test_sensor\page.py", line 221, in _sync_sensors
    switch = SensorSwitch(model, on_toggle=self._handle_toggle)
             │            │                │    └ <function SensorDashboard._handle_toggle at 0x0000025108832C00>
             │            │                └ <contexgo.nexus.test_sensor.page.SensorDashboard object at 0x0000025108845FD0>
             │            └ SensorViewModel(sensor_id='window_focus', name='WindowFocusSensor', is_on=True)
             └ <class 'contexgo.nexus.test_sensor.sensor_switch.SensorSwitch'>

  File "D:\Projects\ContexGo\contexgo\nexus\test_sensor\sensor_switch.py", line 37, in __init__
    border=ft.border.all(1, ft.colors.OUTLINE_VARIANT),
           │  │      │      └ <module 'flet' from 'C:\\Users\\77285\\AppData\\Local\\Programs\\Python\\Python312\\Lib\\site-packages\\flet\\__init__.py'>
           │  │      └ <function all at 0x0000025106E0AFC0>
           │  └ <module 'flet.controls.border' from 'C:\\Users\\77285\\AppData\\Local\\Programs\\Python\\Python312\\Lib\\site-packages\\flet\...
           └ <module 'flet' from 'C:\\Users\\77285\\AppData\\Local\\Programs\\Python\\Python312\\Lib\\site-packages\\flet\\__init__.py'>

AttributeError: module 'flet' has no attribute 'colors'. Did you mean: 'Colors'?
2026-01-01 23:04:26 | INFO     | contexgo.nexus.test_sensor.page:poll_sensors:153 - 轮询传感器状态: 请求开始
2026-01-01 23:04:26 | ERROR    | contexgo.nexus.test_sensor.page:poll_sensors:172 - 轮询失败
Traceback (most recent call last):

  File "<frozen runpy>", line 198, in _run_module_as_main
  File "<frozen runpy>", line 88, in _run_code

  File "D:\Projects\ContexGo\contexgo\nexus\test_sensor\__main__.py", line 8, in <module>
    run()
    └ <function run at 0x000002510393D800>

  File "D:\Projects\ContexGo\contexgo\nexus\test_sensor\app.py", line 18, in run
    ft.app(target=main)
    │  │          └ <function main at 0x0000025108832F20>
    │  └ <function app at 0x00000251070DFB00>
    └ <module 'flet' from 'C:\\Users\\77285\\AppData\\Local\\Programs\\Python\\Python312\\Lib\\site-packages\\flet\\__init__.py'>

  File "C:\Users\77285\AppData\Local\Programs\Python\Python312\Lib\site-packages\flet\utils\deprecated.py", line 40, in wrapper
    return func(*args, **kwargs)
           │     │       └ {'target': <function main at 0x0000025108832F20>}
           │     └ ()
           └ <function app at 0x0000025107093060>
  File "C:\Users\77285\AppData\Local\Programs\Python\Python312\Lib\site-packages\flet\app.py", line 43, in app
    return run(*new_args, **kwargs)
           │    │           └ {'target': <function main at 0x0000025108832F20>}
           │    └ [<function main at 0x0000025108832F20>]
           └ <function run at 0x0000025107061300>
  File "C:\Users\77285\AppData\Local\Programs\Python\Python312\Lib\site-packages\flet\app.py", line 96, in run
    return asyncio.run(
           │       └ <function run at 0x0000025105671C60>
           └ <module 'asyncio' from 'C:\\Users\\77285\\AppData\\Local\\Programs\\Python\\Python312\\Lib\\asyncio\\__init__.py'>
  File "C:\Users\77285\AppData\Local\Programs\Python\Python312\Lib\asyncio\runners.py", line 195, in run
    return runner.run(main)
           │      │   └ <coroutine object run_async at 0x00000251087E0D60>
           │      └ <function Runner.run at 0x00000251057098A0>
           └ <asyncio.runners.Runner object at 0x0000025108858EC0>
  File "C:\Users\77285\AppData\Local\Programs\Python\Python312\Lib\asyncio\runners.py", line 118, in run
    return self._loop.run_until_complete(task)
           │    │     │                  └ <Task pending name='Task-1' coro=<run_async() running at C:\Users\77285\AppData\Local\Programs\Python\Python312\Lib\site-pack...
           │    │     └ <function BaseEventLoop.run_until_complete at 0x00000251057034C0>
           │    └ <ProactorEventLoop running=True closed=False debug=False>
           └ <asyncio.runners.Runner object at 0x0000025108858EC0>
  File "C:\Users\77285\AppData\Local\Programs\Python\Python312\Lib\asyncio\base_events.py", line 678, in run_until_complete
    self.run_forever()
    │    └ <function ProactorEventLoop.run_forever at 0x00000251057C7060>
    └ <ProactorEventLoop running=True closed=False debug=False>
  File "C:\Users\77285\AppData\Local\Programs\Python\Python312\Lib\asyncio\windows_events.py", line 322, in run_forever
    super().run_forever()
  File "C:\Users\77285\AppData\Local\Programs\Python\Python312\Lib\asyncio\base_events.py", line 645, in run_forever
    self._run_once()
    │    └ <function BaseEventLoop._run_once at 0x0000025105709260>
    └ <ProactorEventLoop running=True closed=False debug=False>
  File "C:\Users\77285\AppData\Local\Programs\Python\Python312\Lib\asyncio\base_events.py", line 1999, in _run_once
    handle._run()
    │      └ <function Handle._run at 0x000002510564B2E0>
    └ <Handle <_asyncio.TaskStepMethWrapper object at 0x00000251091EBDF0>()>
  File "C:\Users\77285\AppData\Local\Programs\Python\Python312\Lib\asyncio\events.py", line 88, in _run
    self._context.run(self._callback, *self._args)
    │    │            │    │           │    └ <member '_args' of 'Handle' objects>
    │    │            │    │           └ <Handle <_asyncio.TaskStepMethWrapper object at 0x00000251091EBDF0>()>
    │    │            │    └ <member '_callback' of 'Handle' objects>
    │    │            └ <Handle <_asyncio.TaskStepMethWrapper object at 0x00000251091EBDF0>()>
    │    └ <member '_context' of 'Handle' objects>
    └ <Handle <_asyncio.TaskStepMethWrapper object at 0x00000251091EBDF0>()>

> File "D:\Projects\ContexGo\contexgo\nexus\test_sensor\page.py", line 157, in poll_sensors
    self._sync_sensors(sensors)
    │    │             └ [{'id': 'window_focus', 'name': 'WindowFocusSensor', 'isOn': True}]
    │    └ <function SensorDashboard._sync_sensors at 0x0000025108832D40>
    └ <contexgo.nexus.test_sensor.page.SensorDashboard object at 0x0000025108845FD0>

  File "D:\Projects\ContexGo\contexgo\nexus\test_sensor\page.py", line 221, in _sync_sensors
    switch = SensorSwitch(model, on_toggle=self._handle_toggle)
             │            │                │    └ <function SensorDashboard._handle_toggle at 0x0000025108832C00>
             │            │                └ <contexgo.nexus.test_sensor.page.SensorDashboard object at 0x0000025108845FD0>
             │            └ SensorViewModel(sensor_id='window_focus', name='WindowFocusSensor', is_on=True)
             └ <class 'contexgo.nexus.test_sensor.sensor_switch.SensorSwitch'>

  File "D:\Projects\ContexGo\contexgo\nexus\test_sensor\sensor_switch.py", line 37, in __init__
    border=ft.border.all(1, ft.colors.OUTLINE_VARIANT),
           │  │      │      └ <module 'flet' from 'C:\\Users\\77285\\AppData\\Local\\Programs\\Python\\Python312\\Lib\\site-packages\\flet\\__init__.py'>
           │  │      └ <function all at 0x0000025106E0AFC0>
           │  └ <module 'flet.controls.border' from 'C:\\Users\\77285\\AppData\\Local\\Programs\\Python\\Python312\\Lib\\site-packages\\flet\...
           └ <module 'flet' from 'C:\\Users\\77285\\AppData\\Local\\Programs\\Python\\Python312\\Lib\\site-packages\\flet\\__init__.py'>

AttributeError: module 'flet' has no attribute 'colors'. Did you mean: 'Colors'?
2026-01-01 23:04:27 | ERROR    | contexgo.nexus.test_sensor.page:subscribe_updates:145 - 订阅中断
Traceback (most recent call last):

  File "D:\Projects\ContexGo\contexgo\nexus\test_sensor\api_client.py", line 118, in _subscribe_ws
    async for message in websocket:
                         └ <websockets.asyncio.client.ClientConnection object at 0x00000251091D5790>

  File "C:\Users\77285\AppData\Local\Programs\Python\Python312\Lib\site-packages\websockets\asyncio\connection.py", line 242, in __aiter__
    yield await self.recv()
                │    └ <function Connection.recv at 0x00000251091C22A0>
                └ <websockets.asyncio.client.ClientConnection object at 0x00000251091D5790>
  File "C:\Users\77285\AppData\Local\Programs\Python\Python312\Lib\site-packages\websockets\asyncio\connection.py", line 303, in recv
    return await self.recv_messages.get(decode)
                 │    │             │   └ None
                 │    │             └ <function Assembler.get at 0x00000251091C14E0>
                 │    └ <websockets.asyncio.messages.Assembler object at 0x00000251091D57C0>
                 └ <websockets.asyncio.client.ClientConnection object at 0x00000251091D5790>
  File "C:\Users\77285\AppData\Local\Programs\Python\Python312\Lib\site-packages\websockets\asyncio\messages.py", line 159, in get
    frame = await self.frames.get(not self.closed)
                  │    │      │       │    └ True
                  │    │      │       └ <websockets.asyncio.messages.Assembler object at 0x00000251091D57C0>
                  │    │      └ <function SimpleQueue.get at 0x00000251091C0EA0>
                  │    └ <websockets.asyncio.messages.SimpleQueue object at 0x00000251091D5D00>
                  └ <websockets.asyncio.messages.Assembler object at 0x00000251091D57C0>
  File "C:\Users\77285\AppData\Local\Programs\Python\Python312\Lib\site-packages\websockets\asyncio\messages.py", line 51, in get
    await self.get_waiter
          │    └ None
          └ <websockets.asyncio.messages.SimpleQueue object at 0x00000251091D5D00>

asyncio.exceptions.CancelledError


During handling of the above exception, another exception occurred:


Traceback (most recent call last):

  File "<frozen runpy>", line 198, in _run_module_as_main
  File "<frozen runpy>", line 88, in _run_code

  File "D:\Projects\ContexGo\contexgo\nexus\test_sensor\__main__.py", line 8, in <module>
    run()
    └ <function run at 0x000002510393D800>

  File "D:\Projects\ContexGo\contexgo\nexus\test_sensor\app.py", line 18, in run
    ft.app(target=main)
    │  │          └ <function main at 0x0000025108832F20>
    │  └ <function app at 0x00000251070DFB00>
    └ <module 'flet' from 'C:\\Users\\77285\\AppData\\Local\\Programs\\Python\\Python312\\Lib\\site-packages\\flet\\__init__.py'>

  File "C:\Users\77285\AppData\Local\Programs\Python\Python312\Lib\site-packages\flet\utils\deprecated.py", line 40, in wrapper
    return func(*args, **kwargs)
           │     │       └ {'target': <function main at 0x0000025108832F20>}
           │     └ ()
           └ <function app at 0x0000025107093060>
  File "C:\Users\77285\AppData\Local\Programs\Python\Python312\Lib\site-packages\flet\app.py", line 43, in app
    return run(*new_args, **kwargs)
           │    │           └ {'target': <function main at 0x0000025108832F20>}
           │    └ [<function main at 0x0000025108832F20>]
           └ <function run at 0x0000025107061300>
  File "C:\Users\77285\AppData\Local\Programs\Python\Python312\Lib\site-packages\flet\app.py", line 96, in run
    return asyncio.run(
           │       └ <function run at 0x0000025105671C60>
           └ <module 'asyncio' from 'C:\\Users\\77285\\AppData\\Local\\Programs\\Python\\Python312\\Lib\\asyncio\\__init__.py'>
  File "C:\Users\77285\AppData\Local\Programs\Python\Python312\Lib\asyncio\runners.py", line 194, in run
    with Runner(debug=debug, loop_factory=loop_factory) as runner:
         │            │                   │                └ <asyncio.runners.Runner object at 0x0000025108858EC0>
         │            │                   └ None
         │            └ None
         └ <class 'asyncio.runners.Runner'>
  File "C:\Users\77285\AppData\Local\Programs\Python\Python312\Lib\asyncio\runners.py", line 62, in __exit__
    self.close()
    │    └ <function Runner.close at 0x0000025105709760>
    └ <asyncio.runners.Runner object at 0x0000025108858EC0>
  File "C:\Users\77285\AppData\Local\Programs\Python\Python312\Lib\asyncio\runners.py", line 70, in close
    _cancel_all_tasks(loop)
    │                 └ <ProactorEventLoop running=True closed=False debug=False>
    └ <function _cancel_all_tasks at 0x0000025105709A80>
  File "C:\Users\77285\AppData\Local\Programs\Python\Python312\Lib\asyncio\runners.py", line 206, in _cancel_all_tasks
    loop.run_until_complete(tasks.gather(*to_cancel, return_exceptions=True))
    │    │                  │     │       └ {<Task cancelled name='Task-21' coro=<Connection.keepalive() done, defined at C:\Users\77285\AppData\Local\Programs\Python\Py...
    │    │                  │     └ <function gather at 0x00000251056F7F60>
    │    │                  └ <module 'asyncio.tasks' from 'C:\\Users\\77285\\AppData\\Local\\Programs\\Python\\Python312\\Lib\\asyncio\\tasks.py'>
    │    └ <function BaseEventLoop.run_until_complete at 0x00000251057034C0>
    └ <ProactorEventLoop running=True closed=False debug=False>
  File "C:\Users\77285\AppData\Local\Programs\Python\Python312\Lib\asyncio\base_events.py", line 678, in run_until_complete
    self.run_forever()
    │    └ <function ProactorEventLoop.run_forever at 0x00000251057C7060>
    └ <ProactorEventLoop running=True closed=False debug=False>
  File "C:\Users\77285\AppData\Local\Programs\Python\Python312\Lib\asyncio\windows_events.py", line 322, in run_forever
    super().run_forever()
  File "C:\Users\77285\AppData\Local\Programs\Python\Python312\Lib\asyncio\base_events.py", line 645, in run_forever
    self._run_once()
    │    └ <function BaseEventLoop._run_once at 0x0000025105709260>
    └ <ProactorEventLoop running=True closed=False debug=False>
  File "C:\Users\77285\AppData\Local\Programs\Python\Python312\Lib\asyncio\base_events.py", line 1999, in _run_once
    handle._run()
    │      └ <function Handle._run at 0x000002510564B2E0>
    └ <Handle Task.task_wakeup(<Future finished result=None>)>
  File "C:\Users\77285\AppData\Local\Programs\Python\Python312\Lib\asyncio\events.py", line 88, in _run
    self._context.run(self._callback, *self._args)
    │    │            │    │           │    └ <member '_args' of 'Handle' objects>
    │    │            │    │           └ <Handle Task.task_wakeup(<Future finished result=None>)>
    │    │            │    └ <member '_callback' of 'Handle' objects>
    │    │            └ <Handle Task.task_wakeup(<Future finished result=None>)>
    │    └ <member '_context' of 'Handle' objects>
    └ <Handle Task.task_wakeup(<Future finished result=None>)>

> File "D:\Projects\ContexGo\contexgo\nexus\test_sensor\page.py", line 124, in subscribe_updates
    async for payload in self.client.subscribe(SENSOR_STATUS_SUBSCRIPTION):
                         │    │      │         └ '\nsubscription SensorStatus {\n  sensorStatus {\n    sensorId\n    status\n    message\n  }\n}\n'
                         │    │      └ <function GraphQLClient.subscribe at 0x0000025106CFA520>
                         │    └ <contexgo.nexus.test_sensor.api_client.GraphQLClient object at 0x00000251088C8F80>
                         └ <contexgo.nexus.test_sensor.page.SensorDashboard object at 0x0000025108845FD0>

  File "D:\Projects\ContexGo\contexgo\nexus\test_sensor\api_client.py", line 73, in subscribe
    async for payload in self._subscribe_ws(
                         │    └ <function GraphQLClient._subscribe_ws at 0x0000025106CFA660>
                         └ <contexgo.nexus.test_sensor.api_client.GraphQLClient object at 0x00000251088C8F80>

  File "D:\Projects\ContexGo\contexgo\nexus\test_sensor\api_client.py", line 134, in _subscribe_ws
    await self._safe_complete(websocket, subscription_id)
          │    │              │          └ '5315cb5ac29f40dba83be3d3aecfba8f'
          │    │              └ <websockets.asyncio.client.ClientConnection object at 0x00000251091D5790>
          │    └ <function GraphQLClient._safe_complete at 0x0000025106CFA7A0>
          └ <contexgo.nexus.test_sensor.api_client.GraphQLClient object at 0x00000251088C8F80>

  File "D:\Projects\ContexGo\contexgo\nexus\test_sensor\api_client.py", line 149, in _safe_complete
    if websocket.closed:
       └ <websockets.asyncio.client.ClientConnection object at 0x00000251091D5790>

AttributeError: 'ClientConnection' object has no attribute 'closed'. Did you mean: 'close'?
